

Microchip Technology PIC LITE Macro Assembler V1.44 build -154322312 
                                                                                               Sun Oct  1 19:15:50 2017

Microchip Technology Omniscient Code Generator v1.44 (Free mode) build 201709140600
     1                           	processor	16F877A
     2                           	opt	pw 120
     3                           	opt	lm
     4                           	psect	cinit,global,class=CODE,merge=1,delta=2
     5                           	psect	cstackCOMMON,global,class=COMMON,space=1,delta=1
     6                           	psect	maintext,global,class=CODE,split=1,delta=2
     7                           	psect	text1,local,class=CODE,merge=1,delta=2
     8                           	dabs	1,0x7E,2
     9  0000                     
    10                           ; Version 1.44
    11                           ; Generated 14/09/2017 GMT
    12                           ; 
    13                           ; Copyright © 2017, Microchip Technology Inc. and its subsidiaries ("Microchip")
    14                           ; All rights reserved.
    15                           ; 
    16                           ; This software is developed by Microchip Technology Inc. and its subsidiaries ("Microch
      +                          ip").
    17                           ; 
    18                           ; Redistribution and use in source and binary forms, with or without modification, are
    19                           ; permitted provided that the following conditions are met:
    20                           ; 
    21                           ;     1. Redistributions of source code must retain the above copyright notice, this lis
      +                          t of
    22                           ;        conditions and the following disclaimer.
    23                           ; 
    24                           ;     2. Redistributions in binary form must reproduce the above copyright notice, this 
      +                          list
    25                           ;        of conditions and the following disclaimer in the documentation and/or other
    26                           ;        materials provided with the distribution.
    27                           ; 
    28                           ;     3. Microchip's name may not be used to endorse or promote products derived from th
      +                          is
    29                           ;        software without specific prior written permission.
    30                           ; 
    31                           ; THIS SOFTWARE IS PROVIDED BY MICROCHIP "AS IS" AND ANY EXPRESS OR IMPLIED WARRANTIES,
    32                           ; INCLUDING, BUT NOT LIMITED TO, THE IMPLIED WARRANTIES OF MERCHANTABILITY AND FITNESS F
      +                          OR
    33                           ; PURPOSE ARE DISCLAIMED.  IN NO EVENT SHALL MICROCHIP BE LIABLE FOR ANY DIRECT, INDIREC
      +                          T,
    34                           ; INCIDENTAL, SPECIAL, EXEMPLARY, OR CONSEQUENTIAL DAMAGES (INCLUDING BUT NOT LIMITED TO
    35                           ; PROCUREMENT OF SUBSTITUTE GOODS OR SERVICES; LOSS OF USE, DATA OR PROFITS; OR BUSINESS
    36                           ; INTERRUPTION) HOWSOEVER CAUSED AND ON ANY THEORY OF LIABILITY, WHETHER IN CONTRACT, ST
      +                          RICT
    37                           ; LIABILITY, OR TORT (INCLUDING NEGLIGENCE OR OTHERWISE) ARISING IN ANY WAY OUT OF THE U
      +                          SE OF
    38                           ; THIS SOFTWARE, EVEN IF ADVISED OF THE POSSIBILITY OF SUCH DAMAGE.
    39                           ; 
    40                           ; 
    41                           ; Code-generator required, PIC16F877A Definitions
    42                           ; 
    43                           ; SFR Addresses
    44  0000                     	;# 
    45  0001                     	;# 
    46  0002                     	;# 
    47  0003                     	;# 
    48  0004                     	;# 
    49  0005                     	;# 
    50  0006                     	;# 
    51  0007                     	;# 
    52  0008                     	;# 
    53  0009                     	;# 
    54  000A                     	;# 
    55  000B                     	;# 
    56  000C                     	;# 
    57  000D                     	;# 
    58  000E                     	;# 
    59  000E                     	;# 
    60  000F                     	;# 
    61  0010                     	;# 
    62  0011                     	;# 
    63  0012                     	;# 
    64  0013                     	;# 
    65  0014                     	;# 
    66  0015                     	;# 
    67  0015                     	;# 
    68  0016                     	;# 
    69  0017                     	;# 
    70  0018                     	;# 
    71  0019                     	;# 
    72  001A                     	;# 
    73  001B                     	;# 
    74  001B                     	;# 
    75  001C                     	;# 
    76  001D                     	;# 
    77  001E                     	;# 
    78  001F                     	;# 
    79  0081                     	;# 
    80  0085                     	;# 
    81  0086                     	;# 
    82  0087                     	;# 
    83  0088                     	;# 
    84  0089                     	;# 
    85  008C                     	;# 
    86  008D                     	;# 
    87  008E                     	;# 
    88  0091                     	;# 
    89  0092                     	;# 
    90  0093                     	;# 
    91  0094                     	;# 
    92  0098                     	;# 
    93  0099                     	;# 
    94  009C                     	;# 
    95  009D                     	;# 
    96  009E                     	;# 
    97  009F                     	;# 
    98  010C                     	;# 
    99  010D                     	;# 
   100  010E                     	;# 
   101  010F                     	;# 
   102  018C                     	;# 
   103  018D                     	;# 
   104  0006                     _PORTBbits	set	6
   105  0006                     _PORTB	set	6
   106  0007                     _PORTCbits	set	7
   107  0086                     _TRISBbits	set	134
   108                           
   109                           	psect	cinit
   110  07FC                     start_initialization:	
   111                           ; #config settings
   112                           
   113  07FC                     __initialization:	
   114  07FC                     end_of_initialization:	
   115                           ;End of C runtime variable initialization code
   116                           
   117  07FC                     __end_of__initialization:	
   118  07FC  0183               	clrf	3
   119  07FD  120A  118A  2F40   	ljmp	_main	;jump to C main() function
   120                           
   121                           	psect	cstackCOMMON
   122  0070                     __pcstackCOMMON:	
   123  0070                     ?_setup:	
   124  0070                     ??_setup:	
   125                           ; 1 bytes @ 0x0
   126                           
   127  0070                     ?_main:	
   128                           ; 1 bytes @ 0x0
   129                           
   130                           
   131                           ; 1 bytes @ 0x0
   132  0070                     	ds	2
   133  0072                     ??_main:	
   134                           
   135                           ; 1 bytes @ 0x2
   136  0072                     	ds	3
   137                           
   138                           	psect	maintext
   139  0740                     __pmaintext:	
   140 ;;
   141 ;;Main: autosize = 0, tempsize = 3, incstack = 0, save=0
   142 ;;
   143 ;; *************** function _main *****************
   144 ;; Defined at:
   145 ;;		line 16 in file "Exercicio2.c"
   146 ;; Parameters:    Size  Location     Type
   147 ;;		None
   148 ;; Auto vars:     Size  Location     Type
   149 ;;		None
   150 ;; Return value:  Size  Location     Type
   151 ;;                  1    wreg      void 
   152 ;; Registers used:
   153 ;;		wreg, status,2, status,0, pclath, cstack
   154 ;; Tracked objects:
   155 ;;		On entry : B00/0
   156 ;;		On exit  : 0/0
   157 ;;		Unchanged: 0/0
   158 ;; Data sizes:     COMMON   BANK0   BANK1   BANK3   BANK2
   159 ;;      Params:         0       0       0       0       0
   160 ;;      Locals:         0       0       0       0       0
   161 ;;      Temps:          3       0       0       0       0
   162 ;;      Totals:         3       0       0       0       0
   163 ;;Total ram usage:        3 bytes
   164 ;; Hardware stack levels required when called:    1
   165 ;; This function calls:
   166 ;;		_setup
   167 ;; This function is called by:
   168 ;;		Startup code after reset
   169 ;; This function uses a non-reentrant model
   170 ;;
   171                           
   172                           
   173                           ;psect for function _main
   174  0740                     _main:	
   175                           
   176                           ;Exercicio2.c: 17: setup();
   177                           
   178                           ;incstack = 0
   179                           ; Regs used in _main: [wreg+status,2+status,0+pclath+cstack]
   180  0740  120A  118A  2730  120A  118A  	fcall	_setup
   181                           
   182                           ;Exercicio2.c: 18: _delay((unsigned long)((10)*(1000000/4000.0)));
   183  0745  3004               	movlw	4
   184  0746  00F3               	movwf	??_main+1
   185  0747  303D               	movlw	61
   186  0748  00F2               	movwf	??_main
   187  0749                     u27:	
   188  0749  0BF2               	decfsz	??_main,f
   189  074A  2F49               	goto	u27
   190  074B  0BF3               	decfsz	??_main+1,f
   191  074C  2F49               	goto	u27
   192  074D  2F4E               	nop2
   193  074E  2FA3               	goto	l493
   194  074F                     l495:	
   195                           
   196                           ;Exercicio2.c: 22: PORTB = 0x00;
   197  074F  0186               	clrf	6	;volatile
   198                           
   199                           ;Exercicio2.c: 23: _delay((unsigned long)((1000)*(1000000/4000.0)));
   200  0750  3002               	movlw	2
   201  0751  00F4               	movwf	??_main+2
   202  0752  3045               	movlw	69
   203  0753  00F3               	movwf	??_main+1
   204  0754  30A9               	movlw	169
   205  0755  00F2               	movwf	??_main
   206  0756                     u37:	
   207  0756  0BF2               	decfsz	??_main,f
   208  0757  2F56               	goto	u37
   209  0758  0BF3               	decfsz	??_main+1,f
   210  0759  2F56               	goto	u37
   211  075A  0BF4               	decfsz	??_main+2,f
   212  075B  2F56               	goto	u37
   213  075C  2F5D               	nop2
   214                           
   215                           ;Exercicio2.c: 24: PORTBbits.RB0 = 1;
   216  075D  1283               	bcf	3,5	;RP0=0, select bank0
   217  075E  1303               	bcf	3,6	;RP1=0, select bank0
   218  075F  1406               	bsf	6,0	;volatile
   219                           
   220                           ;Exercicio2.c: 25: _delay((unsigned long)((1000)*(1000000/4000.0)));
   221  0760  3002               	movlw	2
   222  0761  00F4               	movwf	??_main+2
   223  0762  3045               	movlw	69
   224  0763  00F3               	movwf	??_main+1
   225  0764  30A9               	movlw	169
   226  0765  00F2               	movwf	??_main
   227  0766                     u47:	
   228  0766  0BF2               	decfsz	??_main,f
   229  0767  2F66               	goto	u47
   230  0768  0BF3               	decfsz	??_main+1,f
   231  0769  2F66               	goto	u47
   232  076A  0BF4               	decfsz	??_main+2,f
   233  076B  2F66               	goto	u47
   234  076C  2F6D               	nop2
   235                           
   236                           ;Exercicio2.c: 26: PORTBbits.RB0 = 0;
   237  076D  1283               	bcf	3,5	;RP0=0, select bank0
   238  076E  1303               	bcf	3,6	;RP1=0, select bank0
   239  076F  1006               	bcf	6,0	;volatile
   240                           
   241                           ;Exercicio2.c: 29: PORTBbits.RB1 = 1;
   242  0770  1486               	bsf	6,1	;volatile
   243                           
   244                           ;Exercicio2.c: 30: _delay((unsigned long)((1000)*(1000000/4000.0)));
   245  0771  3002               	movlw	2
   246  0772  00F4               	movwf	??_main+2
   247  0773  3045               	movlw	69
   248  0774  00F3               	movwf	??_main+1
   249  0775  30A9               	movlw	169
   250  0776  00F2               	movwf	??_main
   251  0777                     u57:	
   252  0777  0BF2               	decfsz	??_main,f
   253  0778  2F77               	goto	u57
   254  0779  0BF3               	decfsz	??_main+1,f
   255  077A  2F77               	goto	u57
   256  077B  0BF4               	decfsz	??_main+2,f
   257  077C  2F77               	goto	u57
   258  077D  2F7E               	nop2
   259                           
   260                           ;Exercicio2.c: 31: PORTBbits.RB1 = 0;
   261  077E  1283               	bcf	3,5	;RP0=0, select bank0
   262  077F  1303               	bcf	3,6	;RP1=0, select bank0
   263  0780  1086               	bcf	6,1	;volatile
   264                           
   265                           ;Exercicio2.c: 34: PORTBbits.RB2 = 1;
   266  0781  1506               	bsf	6,2	;volatile
   267                           
   268                           ;Exercicio2.c: 35: _delay((unsigned long)((1000)*(1000000/4000.0)));
   269  0782  3002               	movlw	2
   270  0783  00F4               	movwf	??_main+2
   271  0784  3045               	movlw	69
   272  0785  00F3               	movwf	??_main+1
   273  0786  30A9               	movlw	169
   274  0787  00F2               	movwf	??_main
   275  0788                     u67:	
   276  0788  0BF2               	decfsz	??_main,f
   277  0789  2F88               	goto	u67
   278  078A  0BF3               	decfsz	??_main+1,f
   279  078B  2F88               	goto	u67
   280  078C  0BF4               	decfsz	??_main+2,f
   281  078D  2F88               	goto	u67
   282  078E  2F8F               	nop2
   283                           
   284                           ;Exercicio2.c: 36: PORTBbits.RB2 = 0;
   285  078F  1283               	bcf	3,5	;RP0=0, select bank0
   286  0790  1303               	bcf	3,6	;RP1=0, select bank0
   287  0791  1106               	bcf	6,2	;volatile
   288                           
   289                           ;Exercicio2.c: 38: PORTBbits.RB3 = 1;
   290  0792  1586               	bsf	6,3	;volatile
   291                           
   292                           ;Exercicio2.c: 39: _delay((unsigned long)((1000)*(1000000/4000.0)));
   293  0793  3002               	movlw	2
   294  0794  00F4               	movwf	??_main+2
   295  0795  3045               	movlw	69
   296  0796  00F3               	movwf	??_main+1
   297  0797  30A9               	movlw	169
   298  0798  00F2               	movwf	??_main
   299  0799                     u77:	
   300  0799  0BF2               	decfsz	??_main,f
   301  079A  2F99               	goto	u77
   302  079B  0BF3               	decfsz	??_main+1,f
   303  079C  2F99               	goto	u77
   304  079D  0BF4               	decfsz	??_main+2,f
   305  079E  2F99               	goto	u77
   306  079F  2FA0               	nop2
   307                           
   308                           ;Exercicio2.c: 40: PORTBbits.RB3 = 0;
   309  07A0  1283               	bcf	3,5	;RP0=0, select bank0
   310  07A1  1303               	bcf	3,6	;RP1=0, select bank0
   311  07A2  1186               	bcf	6,3	;volatile
   312  07A3                     l493:	
   313                           ;Exercicio2.c: 19: while(1)
   314                           
   315                           ;Exercicio2.c: 41: }
   316                           
   317                           
   318                           ;Exercicio2.c: 20: {
   319                           ;Exercicio2.c: 21: if(PORTCbits.RC0 != 0){
   320  07A3  1283               	bcf	3,5	;RP0=0, select bank0
   321  07A4  1303               	bcf	3,6	;RP1=0, select bank0
   322  07A5  1807               	btfsc	7,0	;volatile
   323  07A6  2F4F               	goto	l495
   324                           
   325                           ;Exercicio2.c: 42: else
   326                           ;Exercicio2.c: 43: {
   327                           ;Exercicio2.c: 44: PORTB = 0x00;
   328  07A7  0186               	clrf	6	;volatile
   329                           
   330                           ;Exercicio2.c: 45: _delay((unsigned long)((1000)*(1000000/4000.0)));
   331  07A8  3002               	movlw	2
   332  07A9  00F4               	movwf	??_main+2
   333  07AA  3045               	movlw	69
   334  07AB  00F3               	movwf	??_main+1
   335  07AC  30A9               	movlw	169
   336  07AD  00F2               	movwf	??_main
   337  07AE                     u87:	
   338  07AE  0BF2               	decfsz	??_main,f
   339  07AF  2FAE               	goto	u87
   340  07B0  0BF3               	decfsz	??_main+1,f
   341  07B1  2FAE               	goto	u87
   342  07B2  0BF4               	decfsz	??_main+2,f
   343  07B3  2FAE               	goto	u87
   344  07B4  2FB5               	nop2
   345                           
   346                           ;Exercicio2.c: 46: PORTBbits.RB3 = 1;
   347  07B5  1283               	bcf	3,5	;RP0=0, select bank0
   348  07B6  1303               	bcf	3,6	;RP1=0, select bank0
   349  07B7  1586               	bsf	6,3	;volatile
   350                           
   351                           ;Exercicio2.c: 47: _delay((unsigned long)((1000)*(1000000/4000.0)));
   352  07B8  3002               	movlw	2
   353  07B9  00F4               	movwf	??_main+2
   354  07BA  3045               	movlw	69
   355  07BB  00F3               	movwf	??_main+1
   356  07BC  30A9               	movlw	169
   357  07BD  00F2               	movwf	??_main
   358  07BE                     u97:	
   359  07BE  0BF2               	decfsz	??_main,f
   360  07BF  2FBE               	goto	u97
   361  07C0  0BF3               	decfsz	??_main+1,f
   362  07C1  2FBE               	goto	u97
   363  07C2  0BF4               	decfsz	??_main+2,f
   364  07C3  2FBE               	goto	u97
   365  07C4  2FC5               	nop2
   366                           
   367                           ;Exercicio2.c: 48: PORTBbits.RB3 = 0;
   368  07C5  1283               	bcf	3,5	;RP0=0, select bank0
   369  07C6  1303               	bcf	3,6	;RP1=0, select bank0
   370  07C7  1186               	bcf	6,3	;volatile
   371                           
   372                           ;Exercicio2.c: 50: PORTBbits.RB2 = 1;
   373  07C8  1506               	bsf	6,2	;volatile
   374                           
   375                           ;Exercicio2.c: 51: _delay((unsigned long)((1000)*(1000000/4000.0)));
   376  07C9  3002               	movlw	2
   377  07CA  00F4               	movwf	??_main+2
   378  07CB  3045               	movlw	69
   379  07CC  00F3               	movwf	??_main+1
   380  07CD  30A9               	movlw	169
   381  07CE  00F2               	movwf	??_main
   382  07CF                     u107:	
   383  07CF  0BF2               	decfsz	??_main,f
   384  07D0  2FCF               	goto	u107
   385  07D1  0BF3               	decfsz	??_main+1,f
   386  07D2  2FCF               	goto	u107
   387  07D3  0BF4               	decfsz	??_main+2,f
   388  07D4  2FCF               	goto	u107
   389  07D5  2FD6               	nop2
   390                           
   391                           ;Exercicio2.c: 52: PORTBbits.RB2 = 0;
   392  07D6  1283               	bcf	3,5	;RP0=0, select bank0
   393  07D7  1303               	bcf	3,6	;RP1=0, select bank0
   394  07D8  1106               	bcf	6,2	;volatile
   395                           
   396                           ;Exercicio2.c: 54: PORTBbits.RB1 = 1;
   397  07D9  1486               	bsf	6,1	;volatile
   398                           
   399                           ;Exercicio2.c: 55: _delay((unsigned long)((1000)*(1000000/4000.0)));
   400  07DA  3002               	movlw	2
   401  07DB  00F4               	movwf	??_main+2
   402  07DC  3045               	movlw	69
   403  07DD  00F3               	movwf	??_main+1
   404  07DE  30A9               	movlw	169
   405  07DF  00F2               	movwf	??_main
   406  07E0                     u117:	
   407  07E0  0BF2               	decfsz	??_main,f
   408  07E1  2FE0               	goto	u117
   409  07E2  0BF3               	decfsz	??_main+1,f
   410  07E3  2FE0               	goto	u117
   411  07E4  0BF4               	decfsz	??_main+2,f
   412  07E5  2FE0               	goto	u117
   413  07E6  2FE7               	nop2
   414                           
   415                           ;Exercicio2.c: 56: PORTBbits.RB1 = 0;
   416  07E7  1283               	bcf	3,5	;RP0=0, select bank0
   417  07E8  1303               	bcf	3,6	;RP1=0, select bank0
   418  07E9  1086               	bcf	6,1	;volatile
   419                           
   420                           ;Exercicio2.c: 58: PORTBbits.RB0 = 1;
   421  07EA  1406               	bsf	6,0	;volatile
   422                           
   423                           ;Exercicio2.c: 59: _delay((unsigned long)((1000)*(1000000/4000.0)));
   424  07EB  3002               	movlw	2
   425  07EC  00F4               	movwf	??_main+2
   426  07ED  3045               	movlw	69
   427  07EE  00F3               	movwf	??_main+1
   428  07EF  30A9               	movlw	169
   429  07F0  00F2               	movwf	??_main
   430  07F1                     u127:	
   431  07F1  0BF2               	decfsz	??_main,f
   432  07F2  2FF1               	goto	u127
   433  07F3  0BF3               	decfsz	??_main+1,f
   434  07F4  2FF1               	goto	u127
   435  07F5  0BF4               	decfsz	??_main+2,f
   436  07F6  2FF1               	goto	u127
   437  07F7  2FF8               	nop2
   438                           
   439                           ;Exercicio2.c: 60: PORTBbits.RB0 = 0;
   440  07F8  1283               	bcf	3,5	;RP0=0, select bank0
   441  07F9  1303               	bcf	3,6	;RP1=0, select bank0
   442  07FA  1006               	bcf	6,0	;volatile
   443  07FB  2FA3               	goto	l493
   444  07FC                     __end_of_main:	
   445                           ;Exercicio2.c: 66: }
   446                           ;Exercicio2.c: 67: }
   447                           ;Exercicio2.c: 71: return;
   448                           
   449                           
   450                           	psect	text1
   451  0730                     __ptext1:	
   452 ;; *************** function _setup *****************
   453 ;; Defined at:
   454 ;;		line 73 in file "Exercicio2.c"
   455 ;; Parameters:    Size  Location     Type
   456 ;;		None
   457 ;; Auto vars:     Size  Location     Type
   458 ;;		None
   459 ;; Return value:  Size  Location     Type
   460 ;;                  1    wreg      void 
   461 ;; Registers used:
   462 ;;		wreg
   463 ;; Tracked objects:
   464 ;;		On entry : 0/0
   465 ;;		On exit  : 0/0
   466 ;;		Unchanged: 0/0
   467 ;; Data sizes:     COMMON   BANK0   BANK1   BANK3   BANK2
   468 ;;      Params:         0       0       0       0       0
   469 ;;      Locals:         0       0       0       0       0
   470 ;;      Temps:          2       0       0       0       0
   471 ;;      Totals:         2       0       0       0       0
   472 ;;Total ram usage:        2 bytes
   473 ;; Hardware stack levels used:    1
   474 ;; This function calls:
   475 ;;		Nothing
   476 ;; This function is called by:
   477 ;;		_main
   478 ;; This function uses a non-reentrant model
   479 ;;
   480                           
   481                           
   482                           ;psect for function _setup
   483  0730                     _setup:	
   484                           
   485                           ;Exercicio2.c: 75: TRISBbits.TRISB0 = 0;
   486                           
   487                           ;incstack = 0
   488                           ; Regs used in _setup: [wreg]
   489  0730  1683               	bsf	3,5	;RP0=1, select bank1
   490  0731  1303               	bcf	3,6	;RP1=0, select bank1
   491  0732  1006               	bcf	6,0	;volatile
   492                           
   493                           ;Exercicio2.c: 76: TRISBbits.TRISB1 = 0;
   494  0733  1086               	bcf	6,1	;volatile
   495                           
   496                           ;Exercicio2.c: 77: TRISBbits.TRISB2 = 0;
   497  0734  1106               	bcf	6,2	;volatile
   498                           
   499                           ;Exercicio2.c: 78: TRISBbits.TRISB3 = 0;
   500  0735  1186               	bcf	6,3	;volatile
   501                           
   502                           ;Exercicio2.c: 79: _delay((unsigned long)((10)*(1000000/4000.0)));
   503  0736  3004               	movlw	4
   504  0737  00F1               	movwf	??_setup+1
   505  0738  303D               	movlw	61
   506  0739  00F0               	movwf	??_setup
   507  073A                     u137:	
   508  073A  0BF0               	decfsz	??_setup,f
   509  073B  2F3A               	goto	u137
   510  073C  0BF1               	decfsz	??_setup+1,f
   511  073D  2F3A               	goto	u137
   512  073E  2F3F               	nop2
   513  073F  0008               	return
   514  0740                     __end_of_setup:	
   515  007E                     btemp	set	126	;btemp
   516  007E                     wtemp0	set	126


Data Sizes:
    Strings     0
    Constant    0
    Data        0
    BSS         0
    Persistent  0
    Stack       0

Auto Spaces:
    Space          Size  Autos    Used
    COMMON           14      5       5
    BANK0            80      0       0
    BANK1            80      0       0
    BANK3            96      0       0
    BANK2            96      0       0

Pointer List with Targets:

    None.

Critical Paths under _main in COMMON

    _main->_setup

Critical Paths under _main in BANK0

    None.

Critical Paths under _main in BANK1

    None.

Critical Paths under _main in BANK3

    None.

Critical Paths under _main in BANK2

    None.

Call Graph Tables:

 ---------------------------------------------------------------------------------
 (Depth) Function   	        Calls       Base Space   Used Autos Params    Refs
 ---------------------------------------------------------------------------------
 (0) _main                                                 3     3      0       0
                                              2 COMMON     3     3      0
                              _setup
 ---------------------------------------------------------------------------------
 (1) _setup                                                2     2      0       0
                                              0 COMMON     2     2      0
 ---------------------------------------------------------------------------------
 Estimated maximum stack depth 1
 ---------------------------------------------------------------------------------

 Call Graph Graphs:

 _main (ROOT)
   _setup

 Address spaces:
Name               Size   Autos  Total    Cost      Usage
BITCOMMON            E      0       0       0        0.0%
EEDATA             100      0       0       0        0.0%
NULL                 0      0       0       0        0.0%
CODE                 0      0       0       0        0.0%
COMMON               E      5       5       1       35.7%
BITSFR0              0      0       0       1        0.0%
SFR0                 0      0       0       1        0.0%
BITSFR1              0      0       0       2        0.0%
SFR1                 0      0       0       2        0.0%
STACK                0      0       0       2        0.0%
ABS                  0      0       0       3        0.0%
BITBANK0            50      0       0       4        0.0%
BITSFR3              0      0       0       4        0.0%
SFR3                 0      0       0       4        0.0%
BANK0               50      0       0       5        0.0%
BITSFR2              0      0       0       5        0.0%
SFR2                 0      0       0       5        0.0%
BITBANK1            50      0       0       6        0.0%
BANK1               50      0       0       7        0.0%
BITBANK3            60      0       0       8        0.0%
BANK3               60      0       0       9        0.0%
BITBANK2            60      0       0      10        0.0%
BANK2               60      0       0      11        0.0%
DATA                 0      0       0      12        0.0%


Microchip Technology PIC Macro Assembler V1.44 build -154322312 
Symbol Table                                                                                   Sun Oct  1 19:15:50 2017

                     u27 0749                       u37 0756                       u47 0766  
                     u57 0777                       u67 0788                       u77 0799  
                     u87 07AE                       u97 07BE                      l493 07A3  
                    l495 074F                      u107 07CF                      u117 07E0  
                    u127 07F1                      u137 073A                     _main 0740  
                   btemp 007E                     start 0000                    ?_main 0070  
                  _PORTB 0006                    _setup 0730                    status 0003  
                  wtemp0 007E          __initialization 07FC             __end_of_main 07FC  
                 ??_main 0072                   ?_setup 0070  __end_of__initialization 07FC  
         __pcstackCOMMON 0070            __end_of_setup 0740                  ??_setup 0070  
             __pmaintext 0740                  __ptext1 0730     end_of_initialization 07FC  
              _PORTBbits 0006                _PORTCbits 0007                _TRISBbits 0086  
    start_initialization 07FC                ___latbits 0002           __size_of_setup 0010  
          __size_of_main 00BC  
