

Microchip Technology PIC LITE Macro Assembler V1.44 build -154322312 
                                                                                               Sun Oct  1 19:12:10 2017

Microchip Technology Omniscient Code Generator v1.44 (Free mode) build 201709140600
     1                           	processor	16F877A
     2                           	opt	pw 120
     3                           	opt	lm
     4                           	psect	cinit,global,class=CODE,merge=1,delta=2
     5                           	psect	cstackCOMMON,global,class=COMMON,space=1,delta=1
     6                           	psect	maintext,global,class=CODE,split=1,delta=2
     7                           	psect	text1,local,class=CODE,merge=1,delta=2
     8                           	dabs	1,0x7E,2
     9  0000                     
    10                           ; Version 1.44
    11                           ; Generated 14/09/2017 GMT
    12                           ; 
    13                           ; Copyright © 2017, Microchip Technology Inc. and its subsidiaries ("Microchip")
    14                           ; All rights reserved.
    15                           ; 
    16                           ; This software is developed by Microchip Technology Inc. and its subsidiaries ("Microch
      +                          ip").
    17                           ; 
    18                           ; Redistribution and use in source and binary forms, with or without modification, are
    19                           ; permitted provided that the following conditions are met:
    20                           ; 
    21                           ;     1. Redistributions of source code must retain the above copyright notice, this lis
      +                          t of
    22                           ;        conditions and the following disclaimer.
    23                           ; 
    24                           ;     2. Redistributions in binary form must reproduce the above copyright notice, this 
      +                          list
    25                           ;        of conditions and the following disclaimer in the documentation and/or other
    26                           ;        materials provided with the distribution.
    27                           ; 
    28                           ;     3. Microchip's name may not be used to endorse or promote products derived from th
      +                          is
    29                           ;        software without specific prior written permission.
    30                           ; 
    31                           ; THIS SOFTWARE IS PROVIDED BY MICROCHIP "AS IS" AND ANY EXPRESS OR IMPLIED WARRANTIES,
    32                           ; INCLUDING, BUT NOT LIMITED TO, THE IMPLIED WARRANTIES OF MERCHANTABILITY AND FITNESS F
      +                          OR
    33                           ; PURPOSE ARE DISCLAIMED.  IN NO EVENT SHALL MICROCHIP BE LIABLE FOR ANY DIRECT, INDIREC
      +                          T,
    34                           ; INCIDENTAL, SPECIAL, EXEMPLARY, OR CONSEQUENTIAL DAMAGES (INCLUDING BUT NOT LIMITED TO
    35                           ; PROCUREMENT OF SUBSTITUTE GOODS OR SERVICES; LOSS OF USE, DATA OR PROFITS; OR BUSINESS
    36                           ; INTERRUPTION) HOWSOEVER CAUSED AND ON ANY THEORY OF LIABILITY, WHETHER IN CONTRACT, ST
      +                          RICT
    37                           ; LIABILITY, OR TORT (INCLUDING NEGLIGENCE OR OTHERWISE) ARISING IN ANY WAY OUT OF THE U
      +                          SE OF
    38                           ; THIS SOFTWARE, EVEN IF ADVISED OF THE POSSIBILITY OF SUCH DAMAGE.
    39                           ; 
    40                           ; 
    41                           ; Code-generator required, PIC16F877A Definitions
    42                           ; 
    43                           ; SFR Addresses
    44  0000                     	;# 
    45  0001                     	;# 
    46  0002                     	;# 
    47  0003                     	;# 
    48  0004                     	;# 
    49  0005                     	;# 
    50  0006                     	;# 
    51  0007                     	;# 
    52  0008                     	;# 
    53  0009                     	;# 
    54  000A                     	;# 
    55  000B                     	;# 
    56  000C                     	;# 
    57  000D                     	;# 
    58  000E                     	;# 
    59  000E                     	;# 
    60  000F                     	;# 
    61  0010                     	;# 
    62  0011                     	;# 
    63  0012                     	;# 
    64  0013                     	;# 
    65  0014                     	;# 
    66  0015                     	;# 
    67  0015                     	;# 
    68  0016                     	;# 
    69  0017                     	;# 
    70  0018                     	;# 
    71  0019                     	;# 
    72  001A                     	;# 
    73  001B                     	;# 
    74  001B                     	;# 
    75  001C                     	;# 
    76  001D                     	;# 
    77  001E                     	;# 
    78  001F                     	;# 
    79  0081                     	;# 
    80  0085                     	;# 
    81  0086                     	;# 
    82  0087                     	;# 
    83  0088                     	;# 
    84  0089                     	;# 
    85  008C                     	;# 
    86  008D                     	;# 
    87  008E                     	;# 
    88  0091                     	;# 
    89  0092                     	;# 
    90  0093                     	;# 
    91  0094                     	;# 
    92  0098                     	;# 
    93  0099                     	;# 
    94  009C                     	;# 
    95  009D                     	;# 
    96  009E                     	;# 
    97  009F                     	;# 
    98  010C                     	;# 
    99  010D                     	;# 
   100  010E                     	;# 
   101  010F                     	;# 
   102  018C                     	;# 
   103  018D                     	;# 
   104  0006                     _PORTBbits	set	6
   105  0086                     _TRISBbits	set	134
   106                           
   107                           	psect	cinit
   108  07FC                     start_initialization:	
   109                           ; #config settings
   110                           
   111  07FC                     __initialization:	
   112  07FC                     end_of_initialization:	
   113                           ;End of C runtime variable initialization code
   114                           
   115  07FC                     __end_of__initialization:	
   116  07FC  0183               	clrf	3
   117  07FD  120A  118A  2FA7   	ljmp	_main	;jump to C main() function
   118                           
   119                           	psect	cstackCOMMON
   120  0070                     __pcstackCOMMON:	
   121  0070                     ?_setup:	
   122  0070                     ??_setup:	
   123                           ; 1 bytes @ 0x0
   124                           
   125  0070                     ?_main:	
   126                           ; 1 bytes @ 0x0
   127                           
   128                           
   129                           ; 1 bytes @ 0x0
   130  0070                     	ds	2
   131  0072                     ??_main:	
   132                           
   133                           ; 1 bytes @ 0x2
   134  0072                     	ds	3
   135                           
   136                           	psect	maintext
   137  07A7                     __pmaintext:	
   138 ;;
   139 ;;Main: autosize = 0, tempsize = 3, incstack = 0, save=0
   140 ;;
   141 ;; *************** function _main *****************
   142 ;; Defined at:
   143 ;;		line 16 in file "exercicio1.c"
   144 ;; Parameters:    Size  Location     Type
   145 ;;		None
   146 ;; Auto vars:     Size  Location     Type
   147 ;;		None
   148 ;; Return value:  Size  Location     Type
   149 ;;                  1    wreg      void 
   150 ;; Registers used:
   151 ;;		wreg, status,2, status,0, pclath, cstack
   152 ;; Tracked objects:
   153 ;;		On entry : B00/0
   154 ;;		On exit  : 0/0
   155 ;;		Unchanged: 0/0
   156 ;; Data sizes:     COMMON   BANK0   BANK1   BANK3   BANK2
   157 ;;      Params:         0       0       0       0       0
   158 ;;      Locals:         0       0       0       0       0
   159 ;;      Temps:          3       0       0       0       0
   160 ;;      Totals:         3       0       0       0       0
   161 ;;Total ram usage:        3 bytes
   162 ;; Hardware stack levels required when called:    1
   163 ;; This function calls:
   164 ;;		_setup
   165 ;; This function is called by:
   166 ;;		Startup code after reset
   167 ;; This function uses a non-reentrant model
   168 ;;
   169                           
   170                           
   171                           ;psect for function _main
   172  07A7                     _main:	
   173                           
   174                           ;exercicio1.c: 17: setup();
   175                           
   176                           ;incstack = 0
   177                           ; Regs used in _main: [wreg+status,2+status,0+pclath+cstack]
   178  07A7  120A  118A  2797  120A  118A  	fcall	_setup
   179                           
   180                           ;exercicio1.c: 18: _delay((unsigned long)((10)*(1000000/4000.0)));
   181  07AC  3004               	movlw	4
   182  07AD  00F3               	movwf	??_main+1
   183  07AE  303D               	movlw	61
   184  07AF  00F2               	movwf	??_main
   185  07B0                     u17:	
   186  07B0  0BF2               	decfsz	??_main,f
   187  07B1  2FB0               	goto	u17
   188  07B2  0BF3               	decfsz	??_main+1,f
   189  07B3  2FB0               	goto	u17
   190  07B4  2FB5               	nop2
   191  07B5                     l487:	
   192                           ;exercicio1.c: 19: while(1)
   193                           
   194                           
   195                           ;exercicio1.c: 20: {
   196                           ;exercicio1.c: 23: PORTBbits.RB0 = 1;
   197  07B5  1283               	bcf	3,5	;RP0=0, select bank0
   198  07B6  1303               	bcf	3,6	;RP1=0, select bank0
   199  07B7  1406               	bsf	6,0	;volatile
   200                           
   201                           ;exercicio1.c: 24: _delay((unsigned long)((1000)*(1000000/4000.0)));
   202  07B8  3002               	movlw	2
   203  07B9  00F4               	movwf	??_main+2
   204  07BA  3045               	movlw	69
   205  07BB  00F3               	movwf	??_main+1
   206  07BC  30A9               	movlw	169
   207  07BD  00F2               	movwf	??_main
   208  07BE                     u27:	
   209  07BE  0BF2               	decfsz	??_main,f
   210  07BF  2FBE               	goto	u27
   211  07C0  0BF3               	decfsz	??_main+1,f
   212  07C1  2FBE               	goto	u27
   213  07C2  0BF4               	decfsz	??_main+2,f
   214  07C3  2FBE               	goto	u27
   215  07C4  2FC5               	nop2
   216                           
   217                           ;exercicio1.c: 25: PORTBbits.RB0 = 0;
   218  07C5  1283               	bcf	3,5	;RP0=0, select bank0
   219  07C6  1303               	bcf	3,6	;RP1=0, select bank0
   220  07C7  1006               	bcf	6,0	;volatile
   221                           
   222                           ;exercicio1.c: 28: PORTBbits.RB1 = 1;
   223  07C8  1486               	bsf	6,1	;volatile
   224                           
   225                           ;exercicio1.c: 29: _delay((unsigned long)((1000)*(1000000/4000.0)));
   226  07C9  3002               	movlw	2
   227  07CA  00F4               	movwf	??_main+2
   228  07CB  3045               	movlw	69
   229  07CC  00F3               	movwf	??_main+1
   230  07CD  30A9               	movlw	169
   231  07CE  00F2               	movwf	??_main
   232  07CF                     u37:	
   233  07CF  0BF2               	decfsz	??_main,f
   234  07D0  2FCF               	goto	u37
   235  07D1  0BF3               	decfsz	??_main+1,f
   236  07D2  2FCF               	goto	u37
   237  07D3  0BF4               	decfsz	??_main+2,f
   238  07D4  2FCF               	goto	u37
   239  07D5  2FD6               	nop2
   240                           
   241                           ;exercicio1.c: 30: PORTBbits.RB1 = 0;
   242  07D6  1283               	bcf	3,5	;RP0=0, select bank0
   243  07D7  1303               	bcf	3,6	;RP1=0, select bank0
   244  07D8  1086               	bcf	6,1	;volatile
   245                           
   246                           ;exercicio1.c: 33: PORTBbits.RB2 = 1;
   247  07D9  1506               	bsf	6,2	;volatile
   248                           
   249                           ;exercicio1.c: 34: _delay((unsigned long)((1000)*(1000000/4000.0)));
   250  07DA  3002               	movlw	2
   251  07DB  00F4               	movwf	??_main+2
   252  07DC  3045               	movlw	69
   253  07DD  00F3               	movwf	??_main+1
   254  07DE  30A9               	movlw	169
   255  07DF  00F2               	movwf	??_main
   256  07E0                     u47:	
   257  07E0  0BF2               	decfsz	??_main,f
   258  07E1  2FE0               	goto	u47
   259  07E2  0BF3               	decfsz	??_main+1,f
   260  07E3  2FE0               	goto	u47
   261  07E4  0BF4               	decfsz	??_main+2,f
   262  07E5  2FE0               	goto	u47
   263  07E6  2FE7               	nop2
   264                           
   265                           ;exercicio1.c: 35: PORTBbits.RB2 = 0;
   266  07E7  1283               	bcf	3,5	;RP0=0, select bank0
   267  07E8  1303               	bcf	3,6	;RP1=0, select bank0
   268  07E9  1106               	bcf	6,2	;volatile
   269                           
   270                           ;exercicio1.c: 37: PORTBbits.RB3 = 1;
   271  07EA  1586               	bsf	6,3	;volatile
   272                           
   273                           ;exercicio1.c: 38: _delay((unsigned long)((1000)*(1000000/4000.0)));
   274  07EB  3002               	movlw	2
   275  07EC  00F4               	movwf	??_main+2
   276  07ED  3045               	movlw	69
   277  07EE  00F3               	movwf	??_main+1
   278  07EF  30A9               	movlw	169
   279  07F0  00F2               	movwf	??_main
   280  07F1                     u57:	
   281  07F1  0BF2               	decfsz	??_main,f
   282  07F2  2FF1               	goto	u57
   283  07F3  0BF3               	decfsz	??_main+1,f
   284  07F4  2FF1               	goto	u57
   285  07F5  0BF4               	decfsz	??_main+2,f
   286  07F6  2FF1               	goto	u57
   287  07F7  2FF8               	nop2
   288                           
   289                           ;exercicio1.c: 39: PORTBbits.RB3 = 0;
   290  07F8  1283               	bcf	3,5	;RP0=0, select bank0
   291  07F9  1303               	bcf	3,6	;RP1=0, select bank0
   292  07FA  1186               	bcf	6,3	;volatile
   293  07FB  2FB5               	goto	l487
   294  07FC                     __end_of_main:	
   295                           ;exercicio1.c: 40: }
   296                           ;exercicio1.c: 44: return;
   297                           
   298                           
   299                           	psect	text1
   300  0797                     __ptext1:	
   301 ;; *************** function _setup *****************
   302 ;; Defined at:
   303 ;;		line 46 in file "exercicio1.c"
   304 ;; Parameters:    Size  Location     Type
   305 ;;		None
   306 ;; Auto vars:     Size  Location     Type
   307 ;;		None
   308 ;; Return value:  Size  Location     Type
   309 ;;                  1    wreg      void 
   310 ;; Registers used:
   311 ;;		wreg
   312 ;; Tracked objects:
   313 ;;		On entry : 0/0
   314 ;;		On exit  : 0/0
   315 ;;		Unchanged: 0/0
   316 ;; Data sizes:     COMMON   BANK0   BANK1   BANK3   BANK2
   317 ;;      Params:         0       0       0       0       0
   318 ;;      Locals:         0       0       0       0       0
   319 ;;      Temps:          2       0       0       0       0
   320 ;;      Totals:         2       0       0       0       0
   321 ;;Total ram usage:        2 bytes
   322 ;; Hardware stack levels used:    1
   323 ;; This function calls:
   324 ;;		Nothing
   325 ;; This function is called by:
   326 ;;		_main
   327 ;; This function uses a non-reentrant model
   328 ;;
   329                           
   330                           
   331                           ;psect for function _setup
   332  0797                     _setup:	
   333                           
   334                           ;exercicio1.c: 48: TRISBbits.TRISB0 = 0;
   335                           
   336                           ;incstack = 0
   337                           ; Regs used in _setup: [wreg]
   338  0797  1683               	bsf	3,5	;RP0=1, select bank1
   339  0798  1303               	bcf	3,6	;RP1=0, select bank1
   340  0799  1006               	bcf	6,0	;volatile
   341                           
   342                           ;exercicio1.c: 49: TRISBbits.TRISB1 = 0;
   343  079A  1086               	bcf	6,1	;volatile
   344                           
   345                           ;exercicio1.c: 50: TRISBbits.TRISB2 = 0;
   346  079B  1106               	bcf	6,2	;volatile
   347                           
   348                           ;exercicio1.c: 51: TRISBbits.TRISB3 = 0;
   349  079C  1186               	bcf	6,3	;volatile
   350                           
   351                           ;exercicio1.c: 52: _delay((unsigned long)((10)*(1000000/4000.0)));
   352  079D  3004               	movlw	4
   353  079E  00F1               	movwf	??_setup+1
   354  079F  303D               	movlw	61
   355  07A0  00F0               	movwf	??_setup
   356  07A1                     u67:	
   357  07A1  0BF0               	decfsz	??_setup,f
   358  07A2  2FA1               	goto	u67
   359  07A3  0BF1               	decfsz	??_setup+1,f
   360  07A4  2FA1               	goto	u67
   361  07A5  2FA6               	nop2
   362  07A6  0008               	return
   363  07A7                     __end_of_setup:	
   364  007E                     btemp	set	126	;btemp
   365  007E                     wtemp0	set	126


Data Sizes:
    Strings     0
    Constant    0
    Data        0
    BSS         0
    Persistent  0
    Stack       0

Auto Spaces:
    Space          Size  Autos    Used
    COMMON           14      5       5
    BANK0            80      0       0
    BANK1            80      0       0
    BANK3            96      0       0
    BANK2            96      0       0

Pointer List with Targets:

    None.

Critical Paths under _main in COMMON

    _main->_setup

Critical Paths under _main in BANK0

    None.

Critical Paths under _main in BANK1

    None.

Critical Paths under _main in BANK3

    None.

Critical Paths under _main in BANK2

    None.

Call Graph Tables:

 ---------------------------------------------------------------------------------
 (Depth) Function   	        Calls       Base Space   Used Autos Params    Refs
 ---------------------------------------------------------------------------------
 (0) _main                                                 3     3      0       0
                                              2 COMMON     3     3      0
                              _setup
 ---------------------------------------------------------------------------------
 (1) _setup                                                2     2      0       0
                                              0 COMMON     2     2      0
 ---------------------------------------------------------------------------------
 Estimated maximum stack depth 1
 ---------------------------------------------------------------------------------

 Call Graph Graphs:

 _main (ROOT)
   _setup

 Address spaces:
Name               Size   Autos  Total    Cost      Usage
BITCOMMON            E      0       0       0        0.0%
EEDATA             100      0       0       0        0.0%
NULL                 0      0       0       0        0.0%
CODE                 0      0       0       0        0.0%
COMMON               E      5       5       1       35.7%
BITSFR0              0      0       0       1        0.0%
SFR0                 0      0       0       1        0.0%
BITSFR1              0      0       0       2        0.0%
SFR1                 0      0       0       2        0.0%
STACK                0      0       0       2        0.0%
ABS                  0      0       0       3        0.0%
BITBANK0            50      0       0       4        0.0%
BITSFR3              0      0       0       4        0.0%
SFR3                 0      0       0       4        0.0%
BANK0               50      0       0       5        0.0%
BITSFR2              0      0       0       5        0.0%
SFR2                 0      0       0       5        0.0%
BITBANK1            50      0       0       6        0.0%
BANK1               50      0       0       7        0.0%
BITBANK3            60      0       0       8        0.0%
BANK3               60      0       0       9        0.0%
BITBANK2            60      0       0      10        0.0%
BANK2               60      0       0      11        0.0%
DATA                 0      0       0      12        0.0%


Microchip Technology PIC Macro Assembler V1.44 build -154322312 
Symbol Table                                                                                   Sun Oct  1 19:12:10 2017

                     u17 07B0                       u27 07BE                       u37 07CF  
                     u47 07E0                       u57 07F1                       u67 07A1  
                    l487 07B5                     _main 07A7                     btemp 007E  
                   start 0000                    ?_main 0070                    _setup 0797  
                  status 0003                    wtemp0 007E          __initialization 07FC  
           __end_of_main 07FC                   ??_main 0072                   ?_setup 0070  
__end_of__initialization 07FC           __pcstackCOMMON 0070            __end_of_setup 07A7  
                ??_setup 0070               __pmaintext 07A7                  __ptext1 0797  
   end_of_initialization 07FC                _PORTBbits 0006                _TRISBbits 0086  
    start_initialization 07FC                ___latbits 0002           __size_of_setup 0010  
          __size_of_main 0055  
