Analysis & Synthesis report for Sistema_comb_TOP
Tue Mar 28 21:20:34 2017
Quartus II 64-Bit Version 13.1.0 Build 162 10/23/2013 SJ Web Edition


---------------------
; Table of Contents ;
---------------------
  1. Legal Notice
  2. Analysis & Synthesis Summary
  3. Analysis & Synthesis Settings
  4. Parallel Compilation
  5. Analysis & Synthesis Source Files Read
  6. Analysis & Synthesis Resource Usage Summary
  7. Analysis & Synthesis Resource Utilization by Entity
  8. User-Specified and Inferred Latches
  9. Registers Removed During Synthesis
 10. General Register Statistics
 11. Elapsed Time Per Partition
 12. Analysis & Synthesis Messages



----------------
; Legal Notice ;
----------------
Copyright (C) 1991-2013 Altera Corporation
Your use of Altera Corporation's design tools, logic functions 
and other software and tools, and its AMPP partner logic 
functions, and any output files from any of the foregoing 
(including device programming or simulation files), and any 
associated documentation or information are expressly subject 
to the terms and conditions of the Altera Program License 
Subscription Agreement, Altera MegaCore Function License 
Agreement, or other applicable license agreement, including, 
without limitation, that your use is for the sole purpose of 
programming logic devices manufactured by Altera and sold by 
Altera or its authorized distributors.  Please refer to the 
applicable agreement for further details.



+---------------------------------------------------------------------------------+
; Analysis & Synthesis Summary                                                    ;
+------------------------------------+--------------------------------------------+
; Analysis & Synthesis Status        ; Successful - Tue Mar 28 21:20:34 2017      ;
; Quartus II 64-Bit Version          ; 13.1.0 Build 162 10/23/2013 SJ Web Edition ;
; Revision Name                      ; Sistema_comb_TOP                           ;
; Top-level Entity Name              ; Sistema_comb_TOP                           ;
; Family                             ; Cyclone IV GX                              ;
; Total logic elements               ; 16                                         ;
;     Total combinational functions  ; 16                                         ;
;     Dedicated logic registers      ; 9                                          ;
; Total registers                    ; 9                                          ;
; Total pins                         ; 75                                         ;
; Total virtual pins                 ; 0                                          ;
; Total memory bits                  ; 0                                          ;
; Embedded Multiplier 9-bit elements ; 0                                          ;
; Total GXB Receiver Channel PCS     ; 0                                          ;
; Total GXB Receiver Channel PMA     ; 0                                          ;
; Total GXB Transmitter Channel PCS  ; 0                                          ;
; Total GXB Transmitter Channel PMA  ; 0                                          ;
; Total PLLs                         ; 0                                          ;
+------------------------------------+--------------------------------------------+


+----------------------------------------------------------------------------------------------------------------------+
; Analysis & Synthesis Settings                                                                                        ;
+----------------------------------------------------------------------------+--------------------+--------------------+
; Option                                                                     ; Setting            ; Default Value      ;
+----------------------------------------------------------------------------+--------------------+--------------------+
; Top-level entity name                                                      ; Sistema_comb_TOP   ; Sistema_comb_TOP   ;
; Family name                                                                ; Cyclone IV GX      ; Cyclone IV GX      ;
; Use smart compilation                                                      ; Off                ; Off                ;
; Enable parallel Assembler and TimeQuest Timing Analyzer during compilation ; On                 ; On                 ;
; Enable compact report table                                                ; Off                ; Off                ;
; Restructure Multiplexers                                                   ; Auto               ; Auto               ;
; Create Debugging Nodes for IP Cores                                        ; Off                ; Off                ;
; Preserve fewer node names                                                  ; On                 ; On                 ;
; Disable OpenCore Plus hardware evaluation                                  ; Off                ; Off                ;
; Verilog Version                                                            ; Verilog_2001       ; Verilog_2001       ;
; VHDL Version                                                               ; VHDL_1993          ; VHDL_1993          ;
; State Machine Processing                                                   ; Auto               ; Auto               ;
; Safe State Machine                                                         ; Off                ; Off                ;
; Extract Verilog State Machines                                             ; On                 ; On                 ;
; Extract VHDL State Machines                                                ; On                 ; On                 ;
; Ignore Verilog initial constructs                                          ; Off                ; Off                ;
; Iteration limit for constant Verilog loops                                 ; 5000               ; 5000               ;
; Iteration limit for non-constant Verilog loops                             ; 250                ; 250                ;
; Add Pass-Through Logic to Inferred RAMs                                    ; On                 ; On                 ;
; Infer RAMs from Raw Logic                                                  ; On                 ; On                 ;
; Parallel Synthesis                                                         ; On                 ; On                 ;
; DSP Block Balancing                                                        ; Auto               ; Auto               ;
; NOT Gate Push-Back                                                         ; On                 ; On                 ;
; Power-Up Don't Care                                                        ; On                 ; On                 ;
; Remove Redundant Logic Cells                                               ; Off                ; Off                ;
; Remove Duplicate Registers                                                 ; On                 ; On                 ;
; Ignore CARRY Buffers                                                       ; Off                ; Off                ;
; Ignore CASCADE Buffers                                                     ; Off                ; Off                ;
; Ignore GLOBAL Buffers                                                      ; Off                ; Off                ;
; Ignore ROW GLOBAL Buffers                                                  ; Off                ; Off                ;
; Ignore LCELL Buffers                                                       ; Off                ; Off                ;
; Ignore SOFT Buffers                                                        ; On                 ; On                 ;
; Limit AHDL Integers to 32 Bits                                             ; Off                ; Off                ;
; Optimization Technique                                                     ; Balanced           ; Balanced           ;
; Carry Chain Length                                                         ; 70                 ; 70                 ;
; Auto Carry Chains                                                          ; On                 ; On                 ;
; Auto Open-Drain Pins                                                       ; On                 ; On                 ;
; Perform WYSIWYG Primitive Resynthesis                                      ; Off                ; Off                ;
; Auto ROM Replacement                                                       ; On                 ; On                 ;
; Auto RAM Replacement                                                       ; On                 ; On                 ;
; Auto DSP Block Replacement                                                 ; On                 ; On                 ;
; Auto Shift Register Replacement                                            ; Auto               ; Auto               ;
; Allow Shift Register Merging across Hierarchies                            ; Auto               ; Auto               ;
; Auto Clock Enable Replacement                                              ; On                 ; On                 ;
; Strict RAM Replacement                                                     ; Off                ; Off                ;
; Allow Synchronous Control Signals                                          ; On                 ; On                 ;
; Force Use of Synchronous Clear Signals                                     ; Off                ; Off                ;
; Auto RAM Block Balancing                                                   ; On                 ; On                 ;
; Auto RAM to Logic Cell Conversion                                          ; Off                ; Off                ;
; Auto Resource Sharing                                                      ; Off                ; Off                ;
; Allow Any RAM Size For Recognition                                         ; Off                ; Off                ;
; Allow Any ROM Size For Recognition                                         ; Off                ; Off                ;
; Allow Any Shift Register Size For Recognition                              ; Off                ; Off                ;
; Use LogicLock Constraints during Resource Balancing                        ; On                 ; On                 ;
; Ignore translate_off and synthesis_off directives                          ; Off                ; Off                ;
; Timing-Driven Synthesis                                                    ; On                 ; On                 ;
; Report Parameter Settings                                                  ; On                 ; On                 ;
; Report Source Assignments                                                  ; On                 ; On                 ;
; Report Connectivity Checks                                                 ; On                 ; On                 ;
; Ignore Maximum Fan-Out Assignments                                         ; Off                ; Off                ;
; Synchronization Register Chain Length                                      ; 2                  ; 2                  ;
; PowerPlay Power Optimization                                               ; Normal compilation ; Normal compilation ;
; HDL message level                                                          ; Level2             ; Level2             ;
; Suppress Register Optimization Related Messages                            ; Off                ; Off                ;
; Number of Removed Registers Reported in Synthesis Report                   ; 5000               ; 5000               ;
; Number of Swept Nodes Reported in Synthesis Report                         ; 5000               ; 5000               ;
; Number of Inverted Registers Reported in Synthesis Report                  ; 100                ; 100                ;
; Clock MUX Protection                                                       ; On                 ; On                 ;
; Auto Gated Clock Conversion                                                ; Off                ; Off                ;
; Block Design Naming                                                        ; Auto               ; Auto               ;
; SDC constraint protection                                                  ; Off                ; Off                ;
; Synthesis Effort                                                           ; Auto               ; Auto               ;
; Shift Register Replacement - Allow Asynchronous Clear Signal               ; On                 ; On                 ;
; Pre-Mapping Resynthesis Optimization                                       ; Off                ; Off                ;
; Analysis & Synthesis Message Level                                         ; Medium             ; Medium             ;
; Disable Register Merging Across Hierarchies                                ; Auto               ; Auto               ;
; Resource Aware Inference For Block RAM                                     ; On                 ; On                 ;
; Synthesis Seed                                                             ; 1                  ; 1                  ;
+----------------------------------------------------------------------------+--------------------+--------------------+


+------------------------------------------+
; Parallel Compilation                     ;
+----------------------------+-------------+
; Processors                 ; Number      ;
+----------------------------+-------------+
; Number detected on machine ; 4           ;
; Maximum allowed            ; 2           ;
;                            ;             ;
; Average used               ; 1.00        ;
; Maximum used               ; 2           ;
;                            ;             ;
; Usage by Processor         ; % Time Used ;
;     Processor 1            ; 100.0%      ;
;     Processor 2            ; < 0.1%      ;
;     Processors 3-4         ;   0.0%      ;
+----------------------------+-------------+


+--------------------------------------------------------------------------------------------------------------------------------------------+
; Analysis & Synthesis Source Files Read                                                                                                     ;
+----------------------------------+-----------------+-----------------+-----------------------------------------------------------+---------+
; File Name with User-Entered Path ; Used in Netlist ; File Type       ; File Name with Absolute Path                              ; Library ;
+----------------------------------+-----------------+-----------------+-----------------------------------------------------------+---------+
; Sistema_comb_TOP.vhd             ; yes             ; User VHDL File  ; C:/altera/13.1/2017/Sistema_comb_TOP/Sistema_comb_TOP.vhd ;         ;
; Sistema_comb.vhd                 ; yes             ; User VHDL File  ; C:/altera/13.1/2017/Sistema_comb_TOP/Sistema_comb.vhd     ;         ;
; Registradores.vhd                ; yes             ; User VHDL File  ; C:/altera/13.1/2017/Sistema_comb_TOP/Registradores.vhd    ;         ;
+----------------------------------+-----------------+-----------------+-----------------------------------------------------------+---------+


+---------------------------------------------+
; Analysis & Synthesis Resource Usage Summary ;
+--------------------------+------------------+
; Resource                 ; Usage            ;
+--------------------------+------------------+
; I/O pins                 ; 75               ;
; DSP block 9-bit elements ; 0                ;
; Maximum fan-out node     ; i_CLK~input      ;
; Maximum fan-out          ; 9                ;
; Total fan-out            ; 156              ;
; Average fan-out          ; 0.89             ;
+--------------------------+------------------+


+--------------------------------------------------------------------------------------------------------------------------------------------------------------------------------------------------------+
; Analysis & Synthesis Resource Utilization by Entity                                                                                                                                                    ;
+----------------------------+-------------------+--------------+-------------+--------------+---------+-----------+-----------+------+--------------+------------------------------------+--------------+
; Compilation Hierarchy Node ; LC Combinationals ; LC Registers ; Memory Bits ; DSP Elements ; DSP 9x9 ; DSP 18x18 ; DSP 36x36 ; Pins ; Virtual Pins ; Full Hierarchy Name                ; Library Name ;
+----------------------------+-------------------+--------------+-------------+--------------+---------+-----------+-----------+------+--------------+------------------------------------+--------------+
; |Sistema_comb_TOP          ; 16 (0)            ; 9 (0)        ; 0           ; 0            ; 0       ; 0         ; 0         ; 75   ; 0            ; |Sistema_comb_TOP                  ; work         ;
;    |Registradores:U2|      ; 0 (0)             ; 3 (3)        ; 0           ; 0            ; 0       ; 0         ; 0         ; 0    ; 0            ; |Sistema_comb_TOP|Registradores:U2 ; work         ;
;    |Registradores:U3|      ; 0 (0)             ; 3 (3)        ; 0           ; 0            ; 0       ; 0         ; 0         ; 0    ; 0            ; |Sistema_comb_TOP|Registradores:U3 ; work         ;
;    |Registradores:U4|      ; 0 (0)             ; 3 (3)        ; 0           ; 0            ; 0       ; 0         ; 0         ; 0    ; 0            ; |Sistema_comb_TOP|Registradores:U4 ; work         ;
;    |sistema_comb:U1|       ; 16 (16)           ; 0 (0)        ; 0           ; 0            ; 0       ; 0         ; 0         ; 0    ; 0            ; |Sistema_comb_TOP|sistema_comb:U1  ; work         ;
+----------------------------+-------------------+--------------+-------------+--------------+---------+-----------+-----------+------+--------------+------------------------------------+--------------+
Note: For table entries with two numbers listed, the numbers in parentheses indicate the number of resources of the given type used by the specific entity alone. The numbers listed outside of parentheses indicate the total resources of the given type used by the specific entity and all of its sub-entities in the hierarchy.


+-----------------------------------------------------------------------------------------------------+
; User-Specified and Inferred Latches                                                                 ;
+----------------------------------------------------+-----------------------+------------------------+
; Latch Name                                         ; Latch Enable Signal   ; Free of Timing Hazards ;
+----------------------------------------------------+-----------------------+------------------------+
; sistema_comb:U1|o_DATA_00[4]                       ; sistema_comb:U1|Mux15 ; yes                    ;
; sistema_comb:U1|o_DATA_00[5]                       ; sistema_comb:U1|Mux15 ; yes                    ;
; sistema_comb:U1|o_DATA_00[6]                       ; sistema_comb:U1|Mux15 ; yes                    ;
; sistema_comb:U1|o_DATA_01[0]                       ; sistema_comb:U1|Mux10 ; yes                    ;
; sistema_comb:U1|o_DATA_01[1]                       ; sistema_comb:U1|Mux10 ; yes                    ;
; sistema_comb:U1|o_DATA_01[2]                       ; sistema_comb:U1|Mux10 ; yes                    ;
; sistema_comb:U1|o_DATA_02[4]                       ; sistema_comb:U1|Mux4  ; yes                    ;
; sistema_comb:U1|o_DATA_02[5]                       ; sistema_comb:U1|Mux4  ; yes                    ;
; sistema_comb:U1|o_DATA_02[6]                       ; sistema_comb:U1|Mux4  ; yes                    ;
; Number of user-specified and inferred latches = 9  ;                       ;                        ;
+----------------------------------------------------+-----------------------+------------------------+
Note: All latches listed above may not be present at the end of synthesis due to various synthesis optimizations.


+---------------------------------------------------------------------------------+
; Registers Removed During Synthesis                                              ;
+----------------------------------------+----------------------------------------+
; Register name                          ; Reason for Removal                     ;
+----------------------------------------+----------------------------------------+
; Registradores:U4|o_DATA[0..3,7]        ; Stuck at GND due to stuck port data_in ;
; Registradores:U3|o_DATA[5,7]           ; Stuck at GND due to stuck port data_in ;
; Registradores:U2|o_DATA[1,3]           ; Stuck at GND due to stuck port data_in ;
; Registradores:U3|o_DATA[3,4,6]         ; Stuck at VCC due to stuck port data_in ;
; Registradores:U2|o_DATA[0,2,7]         ; Stuck at VCC due to stuck port data_in ;
; Total Number of Removed Registers = 15 ;                                        ;
+----------------------------------------+----------------------------------------+


+------------------------------------------------------+
; General Register Statistics                          ;
+----------------------------------------------+-------+
; Statistic                                    ; Value ;
+----------------------------------------------+-------+
; Total registers                              ; 9     ;
; Number of registers using Synchronous Clear  ; 0     ;
; Number of registers using Synchronous Load   ; 0     ;
; Number of registers using Asynchronous Clear ; 0     ;
; Number of registers using Asynchronous Load  ; 0     ;
; Number of registers using Clock Enable       ; 9     ;
; Number of registers using Preset             ; 0     ;
+----------------------------------------------+-------+


+-------------------------------+
; Elapsed Time Per Partition    ;
+----------------+--------------+
; Partition Name ; Elapsed Time ;
+----------------+--------------+
; Top            ; 00:00:01     ;
+----------------+--------------+


+-------------------------------+
; Analysis & Synthesis Messages ;
+-------------------------------+
Info: *******************************************************************
Info: Running Quartus II 64-Bit Analysis & Synthesis
    Info: Version 13.1.0 Build 162 10/23/2013 SJ Web Edition
    Info: Processing started: Tue Mar 28 21:20:30 2017
Info: Command: quartus_map --read_settings_files=on --write_settings_files=off Sistema_comb_TOP -c Sistema_comb_TOP
Info (11104): Parallel Compilation has detected 4 hyper-threaded processors. However, the extra hyper-threaded processors will not be used by default. Parallel Compilation will use 2 of the 2 physical processors detected instead.
Info (12021): Found 2 design units, including 1 entities, in source file sistema_comb_top.vhd
    Info (12022): Found design unit 1: Sistema_comb_TOP-behavior
    Info (12023): Found entity 1: Sistema_comb_TOP
Info (12021): Found 2 design units, including 1 entities, in source file sistema_comb.vhd
    Info (12022): Found design unit 1: sistema_comb-behavioral
    Info (12023): Found entity 1: sistema_comb
Info (12021): Found 2 design units, including 1 entities, in source file registradores.vhd
    Info (12022): Found design unit 1: Registradores-Behavioral
    Info (12023): Found entity 1: Registradores
Info (12127): Elaborating entity "Sistema_comb_TOP" for the top level hierarchy
Warning (10541): VHDL Signal Declaration warning at Sistema_comb_TOP.vhd(14): used implicit default value for signal "o_DATA" because signal was never assigned a value or an explicit default value. Use of implicit default value may introduce unintended design optimizations.
Warning (10541): VHDL Signal Declaration warning at Sistema_comb_TOP.vhd(18): used implicit default value for signal "o_DATA_00" because signal was never assigned a value or an explicit default value. Use of implicit default value may introduce unintended design optimizations.
Warning (10541): VHDL Signal Declaration warning at Sistema_comb_TOP.vhd(19): used implicit default value for signal "o_DATA_01" because signal was never assigned a value or an explicit default value. Use of implicit default value may introduce unintended design optimizations.
Warning (10541): VHDL Signal Declaration warning at Sistema_comb_TOP.vhd(20): used implicit default value for signal "o_DATA_02" because signal was never assigned a value or an explicit default value. Use of implicit default value may introduce unintended design optimizations.
Info (12128): Elaborating entity "sistema_comb" for hierarchy "sistema_comb:U1"
Warning (10631): VHDL Process Statement warning at Sistema_comb.vhd(27): inferring latch(es) for signal or variable "o_DATA_00", which holds its previous value in one or more paths through the process
Warning (10631): VHDL Process Statement warning at Sistema_comb.vhd(40): inferring latch(es) for signal or variable "o_DATA_01", which holds its previous value in one or more paths through the process
Warning (10631): VHDL Process Statement warning at Sistema_comb.vhd(53): inferring latch(es) for signal or variable "o_DATA_02", which holds its previous value in one or more paths through the process
Info (10041): Inferred latch for "o_DATA_02[0]" at Sistema_comb.vhd(53)
Info (10041): Inferred latch for "o_DATA_02[1]" at Sistema_comb.vhd(53)
Info (10041): Inferred latch for "o_DATA_02[2]" at Sistema_comb.vhd(53)
Info (10041): Inferred latch for "o_DATA_02[3]" at Sistema_comb.vhd(53)
Info (10041): Inferred latch for "o_DATA_02[4]" at Sistema_comb.vhd(53)
Info (10041): Inferred latch for "o_DATA_02[5]" at Sistema_comb.vhd(53)
Info (10041): Inferred latch for "o_DATA_02[6]" at Sistema_comb.vhd(53)
Info (10041): Inferred latch for "o_DATA_02[7]" at Sistema_comb.vhd(53)
Info (10041): Inferred latch for "o_DATA_01[0]" at Sistema_comb.vhd(40)
Info (10041): Inferred latch for "o_DATA_01[1]" at Sistema_comb.vhd(40)
Info (10041): Inferred latch for "o_DATA_01[2]" at Sistema_comb.vhd(40)
Info (10041): Inferred latch for "o_DATA_01[3]" at Sistema_comb.vhd(40)
Info (10041): Inferred latch for "o_DATA_01[4]" at Sistema_comb.vhd(40)
Info (10041): Inferred latch for "o_DATA_01[5]" at Sistema_comb.vhd(40)
Info (10041): Inferred latch for "o_DATA_01[6]" at Sistema_comb.vhd(40)
Info (10041): Inferred latch for "o_DATA_01[7]" at Sistema_comb.vhd(40)
Info (10041): Inferred latch for "o_DATA_00[0]" at Sistema_comb.vhd(27)
Info (10041): Inferred latch for "o_DATA_00[1]" at Sistema_comb.vhd(27)
Info (10041): Inferred latch for "o_DATA_00[2]" at Sistema_comb.vhd(27)
Info (10041): Inferred latch for "o_DATA_00[3]" at Sistema_comb.vhd(27)
Info (10041): Inferred latch for "o_DATA_00[4]" at Sistema_comb.vhd(27)
Info (10041): Inferred latch for "o_DATA_00[5]" at Sistema_comb.vhd(27)
Info (10041): Inferred latch for "o_DATA_00[6]" at Sistema_comb.vhd(27)
Info (10041): Inferred latch for "o_DATA_00[7]" at Sistema_comb.vhd(27)
Info (12128): Elaborating entity "Registradores" for hierarchy "Registradores:U2"
Warning (13012): Latch sistema_comb:U1|o_DATA_00[4] has unsafe behavior
    Warning (13013): Ports D and ENA on the latch are fed by the same signal i_SELABC1[0]
Warning (13012): Latch sistema_comb:U1|o_DATA_00[5] has unsafe behavior
    Warning (13013): Ports D and ENA on the latch are fed by the same signal i_SELABC1[1]
Warning (13012): Latch sistema_comb:U1|o_DATA_00[6] has unsafe behavior
    Warning (13013): Ports D and ENA on the latch are fed by the same signal i_SELABC1[1]
Warning (13012): Latch sistema_comb:U1|o_DATA_01[0] has unsafe behavior
    Warning (13013): Ports D and ENA on the latch are fed by the same signal i_SELABC2[0]
Warning (13012): Latch sistema_comb:U1|o_DATA_01[1] has unsafe behavior
    Warning (13013): Ports D and ENA on the latch are fed by the same signal i_SELABC2[1]
Warning (13012): Latch sistema_comb:U1|o_DATA_01[2] has unsafe behavior
    Warning (13013): Ports D and ENA on the latch are fed by the same signal i_SELABC2[1]
Warning (13012): Latch sistema_comb:U1|o_DATA_02[4] has unsafe behavior
    Warning (13013): Ports D and ENA on the latch are fed by the same signal i_SELABC3[0]
Warning (13012): Latch sistema_comb:U1|o_DATA_02[5] has unsafe behavior
    Warning (13013): Ports D and ENA on the latch are fed by the same signal i_SELABC3[0]
Warning (13012): Latch sistema_comb:U1|o_DATA_02[6] has unsafe behavior
    Warning (13013): Ports D and ENA on the latch are fed by the same signal i_SELABC3[2]
Warning (13024): Output pins are stuck at VCC or GND
    Warning (13410): Pin "o_DATA[0]" is stuck at GND
    Warning (13410): Pin "o_DATA[1]" is stuck at GND
    Warning (13410): Pin "o_DATA[2]" is stuck at GND
    Warning (13410): Pin "o_DATA[3]" is stuck at GND
    Warning (13410): Pin "o_DATA[4]" is stuck at GND
    Warning (13410): Pin "o_DATA[5]" is stuck at GND
    Warning (13410): Pin "o_DATA[6]" is stuck at GND
    Warning (13410): Pin "o_DATA[7]" is stuck at GND
    Warning (13410): Pin "o_DATA_00[0]" is stuck at GND
    Warning (13410): Pin "o_DATA_00[1]" is stuck at GND
    Warning (13410): Pin "o_DATA_00[2]" is stuck at GND
    Warning (13410): Pin "o_DATA_00[3]" is stuck at GND
    Warning (13410): Pin "o_DATA_00[4]" is stuck at GND
    Warning (13410): Pin "o_DATA_00[5]" is stuck at GND
    Warning (13410): Pin "o_DATA_00[6]" is stuck at GND
    Warning (13410): Pin "o_DATA_00[7]" is stuck at GND
    Warning (13410): Pin "o_DATA_01[0]" is stuck at GND
    Warning (13410): Pin "o_DATA_01[1]" is stuck at GND
    Warning (13410): Pin "o_DATA_01[2]" is stuck at GND
    Warning (13410): Pin "o_DATA_01[3]" is stuck at GND
    Warning (13410): Pin "o_DATA_01[4]" is stuck at GND
    Warning (13410): Pin "o_DATA_01[5]" is stuck at GND
    Warning (13410): Pin "o_DATA_01[6]" is stuck at GND
    Warning (13410): Pin "o_DATA_01[7]" is stuck at GND
    Warning (13410): Pin "o_DATA_02[0]" is stuck at GND
    Warning (13410): Pin "o_DATA_02[1]" is stuck at GND
    Warning (13410): Pin "o_DATA_02[2]" is stuck at GND
    Warning (13410): Pin "o_DATA_02[3]" is stuck at GND
    Warning (13410): Pin "o_DATA_02[4]" is stuck at GND
    Warning (13410): Pin "o_DATA_02[5]" is stuck at GND
    Warning (13410): Pin "o_DATA_02[6]" is stuck at GND
    Warning (13410): Pin "o_DATA_02[7]" is stuck at GND
    Warning (13410): Pin "o_A[0]" is stuck at VCC
    Warning (13410): Pin "o_A[1]" is stuck at GND
    Warning (13410): Pin "o_A[2]" is stuck at VCC
    Warning (13410): Pin "o_A[3]" is stuck at GND
    Warning (13410): Pin "o_A[7]" is stuck at VCC
    Warning (13410): Pin "o_B[3]" is stuck at VCC
    Warning (13410): Pin "o_B[4]" is stuck at VCC
    Warning (13410): Pin "o_B[5]" is stuck at GND
    Warning (13410): Pin "o_B[6]" is stuck at VCC
    Warning (13410): Pin "o_B[7]" is stuck at GND
    Warning (13410): Pin "o_C[0]" is stuck at GND
    Warning (13410): Pin "o_C[1]" is stuck at GND
    Warning (13410): Pin "o_C[2]" is stuck at GND
    Warning (13410): Pin "o_C[3]" is stuck at GND
    Warning (13410): Pin "o_C[7]" is stuck at GND
Info (286030): Timing-Driven Synthesis is running
Info (16010): Generating hard_block partition "hard_block:auto_generated_inst"
    Info (16011): Adding 0 node(s), including 0 DDIO, 0 PLL, 0 transceiver and 0 LCELL
Warning (21074): Design contains 8 input pin(s) that do not drive logic
    Warning (15610): No output dependent on input pin "i_DATA[0]"
    Warning (15610): No output dependent on input pin "i_DATA[1]"
    Warning (15610): No output dependent on input pin "i_DATA[2]"
    Warning (15610): No output dependent on input pin "i_DATA[3]"
    Warning (15610): No output dependent on input pin "i_DATA[4]"
    Warning (15610): No output dependent on input pin "i_DATA[5]"
    Warning (15610): No output dependent on input pin "i_DATA[6]"
    Warning (15610): No output dependent on input pin "i_DATA[7]"
Info (21057): Implemented 100 device resources after synthesis - the final resource count might be different
    Info (21058): Implemented 19 input pins
    Info (21059): Implemented 56 output pins
    Info (21061): Implemented 25 logic cells
Info: Quartus II 64-Bit Analysis & Synthesis was successful. 0 errors, 82 warnings
    Info: Peak virtual memory: 610 megabytes
    Info: Processing ended: Tue Mar 28 21:20:34 2017
    Info: Elapsed time: 00:00:04
    Info: Total CPU time (on all processors): 00:00:03


