Flow report for Processador_2017
Thu Apr 27 18:42:22 2017
Quartus II 64-Bit Version 13.1.0 Build 162 10/23/2013 SJ Web Edition


---------------------
; Table of Contents ;
---------------------
  1. Legal Notice
  2. Flow Summary
  3. Flow Settings
  4. Flow Non-Default Global Settings
  5. Flow Elapsed Time
  6. Flow OS Summary
  7. Flow Log
  8. Flow Messages
  9. Flow Suppressed Messages



----------------
; Legal Notice ;
----------------
Copyright (C) 1991-2013 Altera Corporation
Your use of Altera Corporation's design tools, logic functions 
and other software and tools, and its AMPP partner logic 
functions, and any output files from any of the foregoing 
(including device programming or simulation files), and any 
associated documentation or information are expressly subject 
to the terms and conditions of the Altera Program License 
Subscription Agreement, Altera MegaCore Function License 
Agreement, or other applicable license agreement, including, 
without limitation, that your use is for the sole purpose of 
programming logic devices manufactured by Altera and sold by 
Altera or its authorized distributors.  Please refer to the 
applicable agreement for further details.



+---------------------------------------------------------------------------------+
; Flow Summary                                                                    ;
+------------------------------------+--------------------------------------------+
; Flow Status                        ; Successful - Thu Apr 27 18:42:22 2017      ;
; Quartus II 64-Bit Version          ; 13.1.0 Build 162 10/23/2013 SJ Web Edition ;
; Revision Name                      ; Processador_2017                           ;
; Top-level Entity Name              ; PROCESSADOR                                ;
; Family                             ; Cyclone III                                ;
; Total logic elements               ; 173 / 15,408 ( 1 % )                       ;
;     Total combinational functions  ; 132 / 15,408 ( < 1 % )                     ;
;     Dedicated logic registers      ; 108 / 15,408 ( < 1 % )                     ;
; Total registers                    ; 108                                        ;
; Total pins                         ; 46 / 347 ( 13 % )                          ;
; Total virtual pins                 ; 0                                          ;
; Total memory bits                  ; 0 / 516,096 ( 0 % )                        ;
; Embedded Multiplier 9-bit elements ; 0 / 112 ( 0 % )                            ;
; Total PLLs                         ; 0 / 4 ( 0 % )                              ;
; Device                             ; EP3C16F484C6                               ;
; Timing Models                      ; Final                                      ;
+------------------------------------+--------------------------------------------+


+-----------------------------------------+
; Flow Settings                           ;
+-------------------+---------------------+
; Option            ; Setting             ;
+-------------------+---------------------+
; Start date & time ; 04/27/2017 18:41:23 ;
; Main task         ; Compilation         ;
; Revision Name     ; Processador_2017    ;
+-------------------+---------------------+


+------------------------------------------------------------------------------------------------------------------------+
; Flow Non-Default Global Settings                                                                                       ;
+-------------------------------------+--------------------------------+------------------+-------------+----------------+
; Assignment Name                     ; Value                          ; Default Value    ; Entity Name ; Section Id     ;
+-------------------------------------+--------------------------------+------------------+-------------+----------------+
; COMPILER_SIGNATURE_ID               ; 88750185274778.149332928307908 ; --               ; --          ; --             ;
; EDA_OUTPUT_DATA_FORMAT              ; Vhdl                           ; --               ; --          ; eda_simulation ;
; EDA_SIMULATION_TOOL                 ; ModelSim-Altera (VHDL)         ; <None>           ; --          ; --             ;
; PARTITION_COLOR                     ; 16764057                       ; --               ; processador ; Top            ;
; PARTITION_FITTER_PRESERVATION_LEVEL ; PLACEMENT_AND_ROUTING          ; --               ; processador ; Top            ;
; PARTITION_NETLIST_TYPE              ; SOURCE                         ; --               ; processador ; Top            ;
; PROJECT_OUTPUT_DIRECTORY            ; output_files                   ; --               ; --          ; --             ;
; TOP_LEVEL_ENTITY                    ; processador                    ; Processador_2017 ; --          ; --             ;
+-------------------------------------+--------------------------------+------------------+-------------+----------------+


+-------------------------------------------------------------------------------------------------------------------------------+
; Flow Elapsed Time                                                                                                             ;
+---------------------------+--------------+-------------------------+---------------------+------------------------------------+
; Module Name               ; Elapsed Time ; Average Processors Used ; Peak Virtual Memory ; Total CPU Time (on all processors) ;
+---------------------------+--------------+-------------------------+---------------------+------------------------------------+
; Analysis & Synthesis      ; 00:00:09     ; 1.0                     ; 562 MB              ; 00:00:03                           ;
; Fitter                    ; 00:00:23     ; 1.0                     ; 1051 MB             ; 00:00:13                           ;
; Assembler                 ; 00:00:03     ; 1.0                     ; 483 MB              ; 00:00:02                           ;
; TimeQuest Timing Analyzer ; 00:00:06     ; 1.0                     ; 541 MB              ; 00:00:03                           ;
; EDA Netlist Writer        ; 00:00:02     ; 1.0                     ; 451 MB              ; 00:00:01                           ;
; Total                     ; 00:00:43     ; --                      ; --                  ; 00:00:22                           ;
+---------------------------+--------------+-------------------------+---------------------+------------------------------------+


+----------------------------------------------------------------------------------------+
; Flow OS Summary                                                                        ;
+---------------------------+------------------+-----------+------------+----------------+
; Module Name               ; Machine Hostname ; OS Name   ; OS Version ; Processor type ;
+---------------------------+------------------+-----------+------------+----------------+
; Analysis & Synthesis      ; DESKTOP-28U55GR  ; Windows 7 ; 6.2        ; x86_64         ;
; Fitter                    ; DESKTOP-28U55GR  ; Windows 7 ; 6.2        ; x86_64         ;
; Assembler                 ; DESKTOP-28U55GR  ; Windows 7 ; 6.2        ; x86_64         ;
; TimeQuest Timing Analyzer ; DESKTOP-28U55GR  ; Windows 7 ; 6.2        ; x86_64         ;
; EDA Netlist Writer        ; DESKTOP-28U55GR  ; Windows 7 ; 6.2        ; x86_64         ;
+---------------------------+------------------+-----------+------------+----------------+


------------
; Flow Log ;
------------
quartus_map --read_settings_files=on --write_settings_files=off Processador_2017 -c Processador_2017
quartus_fit --read_settings_files=off --write_settings_files=off Processador_2017 -c Processador_2017
quartus_asm --read_settings_files=off --write_settings_files=off Processador_2017 -c Processador_2017
quartus_sta Processador_2017 -c Processador_2017
quartus_eda --read_settings_files=off --write_settings_files=off Processador_2017 -c Processador_2017



