Analysis & Synthesis report for Processador_2017
Thu Apr 27 18:41:35 2017
Quartus II 64-Bit Version 13.1.0 Build 162 10/23/2013 SJ Web Edition


---------------------
; Table of Contents ;
---------------------
  1. Legal Notice
  2. Analysis & Synthesis Summary
  3. Analysis & Synthesis Settings
  4. Parallel Compilation
  5. Analysis & Synthesis Source Files Read
  6. Analysis & Synthesis Resource Usage Summary
  7. Analysis & Synthesis Resource Utilization by Entity
  8. General Register Statistics
  9. Multiplexer Restructuring Statistics (Restructuring Performed)
 10. Parameter Settings for User Entity Instance: CAMINHO_CONTROLE:CC|REGISTRADOR:PC
 11. Parameter Settings for User Entity Instance: CAMINHO_CONTROLE:CC|REGISTRADOR:IR
 12. Parameter Settings for User Entity Instance: CAMINHO_DADOS:CD|BANCO_REGISTRADOR:U01|REGISTRADOR:U01
 13. Parameter Settings for User Entity Instance: CAMINHO_DADOS:CD|BANCO_REGISTRADOR:U01|REGISTRADOR:U02
 14. Parameter Settings for User Entity Instance: CAMINHO_DADOS:CD|BANCO_REGISTRADOR:U01|REGISTRADOR:U03
 15. Parameter Settings for User Entity Instance: CAMINHO_DADOS:CD|BANCO_REGISTRADOR:U01|REGISTRADOR:U04
 16. Parameter Settings for User Entity Instance: CAMINHO_DADOS:CD|REGISTRADOR:U03
 17. Parameter Settings for Inferred Entity Instance: CAMINHO_DADOS:CD|ULA:U02|lpm_add_sub:Add0
 18. Port Connectivity Checks: "CAMINHO_CONTROLE:CC|REGISTRADOR:IR"
 19. Elapsed Time Per Partition
 20. Analysis & Synthesis Messages



----------------
; Legal Notice ;
----------------
Copyright (C) 1991-2013 Altera Corporation
Your use of Altera Corporation's design tools, logic functions 
and other software and tools, and its AMPP partner logic 
functions, and any output files from any of the foregoing 
(including device programming or simulation files), and any 
associated documentation or information are expressly subject 
to the terms and conditions of the Altera Program License 
Subscription Agreement, Altera MegaCore Function License 
Agreement, or other applicable license agreement, including, 
without limitation, that your use is for the sole purpose of 
programming logic devices manufactured by Altera and sold by 
Altera or its authorized distributors.  Please refer to the 
applicable agreement for further details.



+---------------------------------------------------------------------------------+
; Analysis & Synthesis Summary                                                    ;
+------------------------------------+--------------------------------------------+
; Analysis & Synthesis Status        ; Successful - Thu Apr 27 18:41:35 2017      ;
; Quartus II 64-Bit Version          ; 13.1.0 Build 162 10/23/2013 SJ Web Edition ;
; Revision Name                      ; Processador_2017                           ;
; Top-level Entity Name              ; PROCESSADOR                                ;
; Family                             ; Cyclone III                                ;
; Total logic elements               ; 196                                        ;
;     Total combinational functions  ; 132                                        ;
;     Dedicated logic registers      ; 108                                        ;
; Total registers                    ; 108                                        ;
; Total pins                         ; 46                                         ;
; Total virtual pins                 ; 0                                          ;
; Total memory bits                  ; 0                                          ;
; Embedded Multiplier 9-bit elements ; 0                                          ;
; Total PLLs                         ; 0                                          ;
+------------------------------------+--------------------------------------------+


+----------------------------------------------------------------------------------------------------------------------+
; Analysis & Synthesis Settings                                                                                        ;
+----------------------------------------------------------------------------+--------------------+--------------------+
; Option                                                                     ; Setting            ; Default Value      ;
+----------------------------------------------------------------------------+--------------------+--------------------+
; Top-level entity name                                                      ; processador        ; Processador_2017   ;
; Family name                                                                ; Cyclone III        ; Cyclone IV GX      ;
; Use smart compilation                                                      ; Off                ; Off                ;
; Enable parallel Assembler and TimeQuest Timing Analyzer during compilation ; On                 ; On                 ;
; Enable compact report table                                                ; Off                ; Off                ;
; Restructure Multiplexers                                                   ; Auto               ; Auto               ;
; Create Debugging Nodes for IP Cores                                        ; Off                ; Off                ;
; Preserve fewer node names                                                  ; On                 ; On                 ;
; Disable OpenCore Plus hardware evaluation                                  ; Off                ; Off                ;
; Verilog Version                                                            ; Verilog_2001       ; Verilog_2001       ;
; VHDL Version                                                               ; VHDL_1993          ; VHDL_1993          ;
; State Machine Processing                                                   ; Auto               ; Auto               ;
; Safe State Machine                                                         ; Off                ; Off                ;
; Extract Verilog State Machines                                             ; On                 ; On                 ;
; Extract VHDL State Machines                                                ; On                 ; On                 ;
; Ignore Verilog initial constructs                                          ; Off                ; Off                ;
; Iteration limit for constant Verilog loops                                 ; 5000               ; 5000               ;
; Iteration limit for non-constant Verilog loops                             ; 250                ; 250                ;
; Add Pass-Through Logic to Inferred RAMs                                    ; On                 ; On                 ;
; Infer RAMs from Raw Logic                                                  ; On                 ; On                 ;
; Parallel Synthesis                                                         ; On                 ; On                 ;
; DSP Block Balancing                                                        ; Auto               ; Auto               ;
; NOT Gate Push-Back                                                         ; On                 ; On                 ;
; Power-Up Don't Care                                                        ; On                 ; On                 ;
; Remove Redundant Logic Cells                                               ; Off                ; Off                ;
; Remove Duplicate Registers                                                 ; On                 ; On                 ;
; Ignore CARRY Buffers                                                       ; Off                ; Off                ;
; Ignore CASCADE Buffers                                                     ; Off                ; Off                ;
; Ignore GLOBAL Buffers                                                      ; Off                ; Off                ;
; Ignore ROW GLOBAL Buffers                                                  ; Off                ; Off                ;
; Ignore LCELL Buffers                                                       ; Off                ; Off                ;
; Ignore SOFT Buffers                                                        ; On                 ; On                 ;
; Limit AHDL Integers to 32 Bits                                             ; Off                ; Off                ;
; Optimization Technique                                                     ; Balanced           ; Balanced           ;
; Carry Chain Length                                                         ; 70                 ; 70                 ;
; Auto Carry Chains                                                          ; On                 ; On                 ;
; Auto Open-Drain Pins                                                       ; On                 ; On                 ;
; Perform WYSIWYG Primitive Resynthesis                                      ; Off                ; Off                ;
; Auto ROM Replacement                                                       ; On                 ; On                 ;
; Auto RAM Replacement                                                       ; On                 ; On                 ;
; Auto DSP Block Replacement                                                 ; On                 ; On                 ;
; Auto Shift Register Replacement                                            ; Auto               ; Auto               ;
; Allow Shift Register Merging across Hierarchies                            ; Auto               ; Auto               ;
; Auto Clock Enable Replacement                                              ; On                 ; On                 ;
; Strict RAM Replacement                                                     ; Off                ; Off                ;
; Allow Synchronous Control Signals                                          ; On                 ; On                 ;
; Force Use of Synchronous Clear Signals                                     ; Off                ; Off                ;
; Auto RAM Block Balancing                                                   ; On                 ; On                 ;
; Auto RAM to Logic Cell Conversion                                          ; Off                ; Off                ;
; Auto Resource Sharing                                                      ; Off                ; Off                ;
; Allow Any RAM Size For Recognition                                         ; Off                ; Off                ;
; Allow Any ROM Size For Recognition                                         ; Off                ; Off                ;
; Allow Any Shift Register Size For Recognition                              ; Off                ; Off                ;
; Use LogicLock Constraints during Resource Balancing                        ; On                 ; On                 ;
; Ignore translate_off and synthesis_off directives                          ; Off                ; Off                ;
; Timing-Driven Synthesis                                                    ; On                 ; On                 ;
; Report Parameter Settings                                                  ; On                 ; On                 ;
; Report Source Assignments                                                  ; On                 ; On                 ;
; Report Connectivity Checks                                                 ; On                 ; On                 ;
; Ignore Maximum Fan-Out Assignments                                         ; Off                ; Off                ;
; Synchronization Register Chain Length                                      ; 2                  ; 2                  ;
; PowerPlay Power Optimization                                               ; Normal compilation ; Normal compilation ;
; HDL message level                                                          ; Level2             ; Level2             ;
; Suppress Register Optimization Related Messages                            ; Off                ; Off                ;
; Number of Removed Registers Reported in Synthesis Report                   ; 5000               ; 5000               ;
; Number of Swept Nodes Reported in Synthesis Report                         ; 5000               ; 5000               ;
; Number of Inverted Registers Reported in Synthesis Report                  ; 100                ; 100                ;
; Clock MUX Protection                                                       ; On                 ; On                 ;
; Auto Gated Clock Conversion                                                ; Off                ; Off                ;
; Block Design Naming                                                        ; Auto               ; Auto               ;
; SDC constraint protection                                                  ; Off                ; Off                ;
; Synthesis Effort                                                           ; Auto               ; Auto               ;
; Shift Register Replacement - Allow Asynchronous Clear Signal               ; On                 ; On                 ;
; Pre-Mapping Resynthesis Optimization                                       ; Off                ; Off                ;
; Analysis & Synthesis Message Level                                         ; Medium             ; Medium             ;
; Disable Register Merging Across Hierarchies                                ; Auto               ; Auto               ;
; Resource Aware Inference For Block RAM                                     ; On                 ; On                 ;
; Synthesis Seed                                                             ; 1                  ; 1                  ;
+----------------------------------------------------------------------------+--------------------+--------------------+


+------------------------------------------+
; Parallel Compilation                     ;
+----------------------------+-------------+
; Processors                 ; Number      ;
+----------------------------+-------------+
; Number detected on machine ; 4           ;
; Maximum allowed            ; 2           ;
;                            ;             ;
; Average used               ; 1.00        ;
; Maximum used               ; 1           ;
;                            ;             ;
; Usage by Processor         ; % Time Used ;
;     Processor 1            ; 100.0%      ;
;     Processors 2-4         ;   0.0%      ;
+----------------------------+-------------+


+------------------------------------------------------------------------------------------------------------------------------------------------------------------------------------------------------------+
; Analysis & Synthesis Source Files Read                                                                                                                                                                     ;
+------------------------------------------------------------------------+-----------------+------------------------------+------------------------------------------------------------------------+---------+
; File Name with User-Entered Path                                       ; Used in Netlist ; File Type                    ; File Name with Absolute Path                                           ; Library ;
+------------------------------------------------------------------------+-----------------+------------------------------+------------------------------------------------------------------------+---------+
; ../../../../Users/luize/Desktop/Processador_2107/ula.vhd               ; yes             ; User VHDL File               ; C:/Users/luize/Desktop/Processador_2107/ula.vhd                        ;         ;
; ../../../../Users/luize/Desktop/Processador_2107/registrador.vhd       ; yes             ; User VHDL File               ; C:/Users/luize/Desktop/Processador_2107/registrador.vhd                ;         ;
; ../../../../Users/luize/Desktop/Processador_2107/processador.vhd       ; yes             ; User VHDL File               ; C:/Users/luize/Desktop/Processador_2107/processador.vhd                ;         ;
; ../../../../Users/luize/Desktop/Processador_2107/caminho_dados.vhd     ; yes             ; User VHDL File               ; C:/Users/luize/Desktop/Processador_2107/caminho_dados.vhd              ;         ;
; ../../../../Users/luize/Desktop/Processador_2107/caminho_controle.vhd  ; yes             ; User VHDL File               ; C:/Users/luize/Desktop/Processador_2107/caminho_controle.vhd           ;         ;
; ../../../../Users/luize/Desktop/Processador_2107/banco_registrador.vhd ; yes             ; User VHDL File               ; C:/Users/luize/Desktop/Processador_2107/banco_registrador.vhd          ;         ;
; lpm_add_sub.tdf                                                        ; yes             ; Megafunction                 ; c:/altera/13.1/quartus/libraries/megafunctions/lpm_add_sub.tdf         ;         ;
; addcore.inc                                                            ; yes             ; Megafunction                 ; c:/altera/13.1/quartus/libraries/megafunctions/addcore.inc             ;         ;
; look_add.inc                                                           ; yes             ; Megafunction                 ; c:/altera/13.1/quartus/libraries/megafunctions/look_add.inc            ;         ;
; bypassff.inc                                                           ; yes             ; Megafunction                 ; c:/altera/13.1/quartus/libraries/megafunctions/bypassff.inc            ;         ;
; altshift.inc                                                           ; yes             ; Megafunction                 ; c:/altera/13.1/quartus/libraries/megafunctions/altshift.inc            ;         ;
; alt_stratix_add_sub.inc                                                ; yes             ; Megafunction                 ; c:/altera/13.1/quartus/libraries/megafunctions/alt_stratix_add_sub.inc ;         ;
; aglobal131.inc                                                         ; yes             ; Megafunction                 ; c:/altera/13.1/quartus/libraries/megafunctions/aglobal131.inc          ;         ;
; db/add_sub_iui.tdf                                                     ; yes             ; Auto-Generated Megafunction  ; C:/altera/13.1/2017/Processador_2017/db/add_sub_iui.tdf                ;         ;
+------------------------------------------------------------------------+-----------------+------------------------------+------------------------------------------------------------------------+---------+


+-----------------------------------------------------------+
; Analysis & Synthesis Resource Usage Summary               ;
+---------------------------------------------+-------------+
; Resource                                    ; Usage       ;
+---------------------------------------------+-------------+
; Estimated Total logic elements              ; 196         ;
;                                             ;             ;
; Total combinational functions               ; 132         ;
; Logic element usage by number of LUT inputs ;             ;
;     -- 4 input functions                    ; 77          ;
;     -- 3 input functions                    ; 43          ;
;     -- <=2 input functions                  ; 12          ;
;                                             ;             ;
; Logic elements by mode                      ;             ;
;     -- normal mode                          ; 106         ;
;     -- arithmetic mode                      ; 26          ;
;                                             ;             ;
; Total registers                             ; 108         ;
;     -- Dedicated logic registers            ; 108         ;
;     -- I/O registers                        ; 0           ;
;                                             ;             ;
; I/O pins                                    ; 46          ;
; Embedded Multiplier 9-bit elements          ; 0           ;
; Maximum fan-out node                        ; i_CLK~input ;
; Maximum fan-out                             ; 108         ;
; Total fan-out                               ; 949         ;
; Average fan-out                             ; 2.86        ;
+---------------------------------------------+-------------+


+---------------------------------------------------------------------------------------------------------------------------------------------------------------------------------------------------------------------------------------------------------+
; Analysis & Synthesis Resource Utilization by Entity                                                                                                                                                                                                     ;
+------------------------------------------+-------------------+--------------+-------------+--------------+---------+-----------+------+--------------+-----------------------------------------------------------------------------------+--------------+
; Compilation Hierarchy Node               ; LC Combinationals ; LC Registers ; Memory Bits ; DSP Elements ; DSP 9x9 ; DSP 18x18 ; Pins ; Virtual Pins ; Full Hierarchy Name                                                               ; Library Name ;
+------------------------------------------+-------------------+--------------+-------------+--------------+---------+-----------+------+--------------+-----------------------------------------------------------------------------------+--------------+
; |PROCESSADOR                             ; 132 (0)           ; 108 (0)      ; 0           ; 0            ; 0       ; 0         ; 46   ; 0            ; |PROCESSADOR                                                                      ; work         ;
;    |CAMINHO_CONTROLE:CC|                 ; 15 (3)            ; 28 (0)       ; 0           ; 0            ; 0       ; 0         ; 0    ; 0            ; |PROCESSADOR|CAMINHO_CONTROLE:CC                                                  ; work         ;
;       |REGISTRADOR:IR|                   ; 0 (0)             ; 16 (16)      ; 0           ; 0            ; 0       ; 0         ; 0    ; 0            ; |PROCESSADOR|CAMINHO_CONTROLE:CC|REGISTRADOR:IR                                   ; work         ;
;       |REGISTRADOR:PC|                   ; 12 (12)           ; 12 (12)      ; 0           ; 0            ; 0       ; 0         ; 0    ; 0            ; |PROCESSADOR|CAMINHO_CONTROLE:CC|REGISTRADOR:PC                                   ; work         ;
;    |CAMINHO_DADOS:CD|                    ; 117 (0)           ; 80 (0)       ; 0           ; 0            ; 0       ; 0         ; 0    ; 0            ; |PROCESSADOR|CAMINHO_DADOS:CD                                                     ; work         ;
;       |BANCO_REGISTRADOR:U01|            ; 66 (66)           ; 64 (0)       ; 0           ; 0            ; 0       ; 0         ; 0    ; 0            ; |PROCESSADOR|CAMINHO_DADOS:CD|BANCO_REGISTRADOR:U01                               ; work         ;
;          |REGISTRADOR:U01|               ; 0 (0)             ; 16 (16)      ; 0           ; 0            ; 0       ; 0         ; 0    ; 0            ; |PROCESSADOR|CAMINHO_DADOS:CD|BANCO_REGISTRADOR:U01|REGISTRADOR:U01               ; work         ;
;          |REGISTRADOR:U02|               ; 0 (0)             ; 16 (16)      ; 0           ; 0            ; 0       ; 0         ; 0    ; 0            ; |PROCESSADOR|CAMINHO_DADOS:CD|BANCO_REGISTRADOR:U01|REGISTRADOR:U02               ; work         ;
;          |REGISTRADOR:U03|               ; 0 (0)             ; 16 (16)      ; 0           ; 0            ; 0       ; 0         ; 0    ; 0            ; |PROCESSADOR|CAMINHO_DADOS:CD|BANCO_REGISTRADOR:U01|REGISTRADOR:U03               ; work         ;
;          |REGISTRADOR:U04|               ; 0 (0)             ; 16 (16)      ; 0           ; 0            ; 0       ; 0         ; 0    ; 0            ; |PROCESSADOR|CAMINHO_DADOS:CD|BANCO_REGISTRADOR:U01|REGISTRADOR:U04               ; work         ;
;       |REGISTRADOR:U03|                  ; 0 (0)             ; 16 (16)      ; 0           ; 0            ; 0       ; 0         ; 0    ; 0            ; |PROCESSADOR|CAMINHO_DADOS:CD|REGISTRADOR:U03                                     ; work         ;
;       |ULA:U02|                          ; 51 (0)            ; 0 (0)        ; 0           ; 0            ; 0       ; 0         ; 0    ; 0            ; |PROCESSADOR|CAMINHO_DADOS:CD|ULA:U02                                             ; work         ;
;          |lpm_add_sub:Add0|              ; 51 (0)            ; 0 (0)        ; 0           ; 0            ; 0       ; 0         ; 0    ; 0            ; |PROCESSADOR|CAMINHO_DADOS:CD|ULA:U02|lpm_add_sub:Add0                            ; work         ;
;             |add_sub_iui:auto_generated| ; 51 (51)           ; 0 (0)        ; 0           ; 0            ; 0       ; 0         ; 0    ; 0            ; |PROCESSADOR|CAMINHO_DADOS:CD|ULA:U02|lpm_add_sub:Add0|add_sub_iui:auto_generated ; work         ;
+------------------------------------------+-------------------+--------------+-------------+--------------+---------+-----------+------+--------------+-----------------------------------------------------------------------------------+--------------+
Note: For table entries with two numbers listed, the numbers in parentheses indicate the number of resources of the given type used by the specific entity alone. The numbers listed outside of parentheses indicate the total resources of the given type used by the specific entity and all of its sub-entities in the hierarchy.


+------------------------------------------------------+
; General Register Statistics                          ;
+----------------------------------------------+-------+
; Statistic                                    ; Value ;
+----------------------------------------------+-------+
; Total registers                              ; 108   ;
; Number of registers using Synchronous Clear  ; 0     ;
; Number of registers using Synchronous Load   ; 0     ;
; Number of registers using Asynchronous Clear ; 108   ;
; Number of registers using Asynchronous Load  ; 0     ;
; Number of registers using Clock Enable       ; 91    ;
; Number of registers using Preset             ; 0     ;
+----------------------------------------------+-------+


+-----------------------------------------------------------------------------------------------------------------------------------------------------------------------------+
; Multiplexer Restructuring Statistics (Restructuring Performed)                                                                                                              ;
+--------------------+-----------+---------------+----------------------+------------------------+------------+---------------------------------------------------------------+
; Multiplexer Inputs ; Bus Width ; Baseline Area ; Area if Restructured ; Saving if Restructured ; Registered ; Example Multiplexer Output                                    ;
+--------------------+-----------+---------------+----------------------+------------------------+------------+---------------------------------------------------------------+
; 4:1                ; 16 bits   ; 32 LEs        ; 32 LEs               ; 0 LEs                  ; No         ; |PROCESSADOR|CAMINHO_DADOS:CD|BANCO_REGISTRADOR:U01|o_RS1[0]  ;
; 4:1                ; 16 bits   ; 32 LEs        ; 32 LEs               ; 0 LEs                  ; No         ; |PROCESSADOR|CAMINHO_DADOS:CD|BANCO_REGISTRADOR:U01|o_RS2[14] ;
; 3:1                ; 10 bits   ; 20 LEs        ; 20 LEs               ; 0 LEs                  ; No         ; |PROCESSADOR|CAMINHO_DADOS:CD|w_DATA_BCO[9]                   ;
; 3:1                ; 6 bits    ; 12 LEs        ; 12 LEs               ; 0 LEs                  ; No         ; |PROCESSADOR|CAMINHO_DADOS:CD|w_DATA_BCO[0]                   ;
+--------------------+-----------+---------------+----------------------+------------------------+------------+---------------------------------------------------------------+


+---------------------------------------------------------------------------------+
; Parameter Settings for User Entity Instance: CAMINHO_CONTROLE:CC|REGISTRADOR:PC ;
+----------------+-------+--------------------------------------------------------+
; Parameter Name ; Value ; Type                                                   ;
+----------------+-------+--------------------------------------------------------+
; p_tam          ; 12    ; Signed Integer                                         ;
+----------------+-------+--------------------------------------------------------+
Note: In order to hide this table in the UI and the text report file, please set the "Show Parameter Settings in Synthesis Report" option in "Analysis and Synthesis Settings -> More Settings" to "Off".


+---------------------------------------------------------------------------------+
; Parameter Settings for User Entity Instance: CAMINHO_CONTROLE:CC|REGISTRADOR:IR ;
+----------------+-------+--------------------------------------------------------+
; Parameter Name ; Value ; Type                                                   ;
+----------------+-------+--------------------------------------------------------+
; p_tam          ; 16    ; Signed Integer                                         ;
+----------------+-------+--------------------------------------------------------+
Note: In order to hide this table in the UI and the text report file, please set the "Show Parameter Settings in Synthesis Report" option in "Analysis and Synthesis Settings -> More Settings" to "Off".


+-----------------------------------------------------------------------------------------------------+
; Parameter Settings for User Entity Instance: CAMINHO_DADOS:CD|BANCO_REGISTRADOR:U01|REGISTRADOR:U01 ;
+----------------+-------+----------------------------------------------------------------------------+
; Parameter Name ; Value ; Type                                                                       ;
+----------------+-------+----------------------------------------------------------------------------+
; p_tam          ; 16    ; Signed Integer                                                             ;
+----------------+-------+----------------------------------------------------------------------------+
Note: In order to hide this table in the UI and the text report file, please set the "Show Parameter Settings in Synthesis Report" option in "Analysis and Synthesis Settings -> More Settings" to "Off".


+-----------------------------------------------------------------------------------------------------+
; Parameter Settings for User Entity Instance: CAMINHO_DADOS:CD|BANCO_REGISTRADOR:U01|REGISTRADOR:U02 ;
+----------------+-------+----------------------------------------------------------------------------+
; Parameter Name ; Value ; Type                                                                       ;
+----------------+-------+----------------------------------------------------------------------------+
; p_tam          ; 16    ; Signed Integer                                                             ;
+----------------+-------+----------------------------------------------------------------------------+
Note: In order to hide this table in the UI and the text report file, please set the "Show Parameter Settings in Synthesis Report" option in "Analysis and Synthesis Settings -> More Settings" to "Off".


+-----------------------------------------------------------------------------------------------------+
; Parameter Settings for User Entity Instance: CAMINHO_DADOS:CD|BANCO_REGISTRADOR:U01|REGISTRADOR:U03 ;
+----------------+-------+----------------------------------------------------------------------------+
; Parameter Name ; Value ; Type                                                                       ;
+----------------+-------+----------------------------------------------------------------------------+
; p_tam          ; 16    ; Signed Integer                                                             ;
+----------------+-------+----------------------------------------------------------------------------+
Note: In order to hide this table in the UI and the text report file, please set the "Show Parameter Settings in Synthesis Report" option in "Analysis and Synthesis Settings -> More Settings" to "Off".


+-----------------------------------------------------------------------------------------------------+
; Parameter Settings for User Entity Instance: CAMINHO_DADOS:CD|BANCO_REGISTRADOR:U01|REGISTRADOR:U04 ;
+----------------+-------+----------------------------------------------------------------------------+
; Parameter Name ; Value ; Type                                                                       ;
+----------------+-------+----------------------------------------------------------------------------+
; p_tam          ; 16    ; Signed Integer                                                             ;
+----------------+-------+----------------------------------------------------------------------------+
Note: In order to hide this table in the UI and the text report file, please set the "Show Parameter Settings in Synthesis Report" option in "Analysis and Synthesis Settings -> More Settings" to "Off".


+-------------------------------------------------------------------------------+
; Parameter Settings for User Entity Instance: CAMINHO_DADOS:CD|REGISTRADOR:U03 ;
+----------------+-------+------------------------------------------------------+
; Parameter Name ; Value ; Type                                                 ;
+----------------+-------+------------------------------------------------------+
; p_tam          ; 16    ; Signed Integer                                       ;
+----------------+-------+------------------------------------------------------+
Note: In order to hide this table in the UI and the text report file, please set the "Show Parameter Settings in Synthesis Report" option in "Analysis and Synthesis Settings -> More Settings" to "Off".


+--------------------------------------------------------------------------------------------+
; Parameter Settings for Inferred Entity Instance: CAMINHO_DADOS:CD|ULA:U02|lpm_add_sub:Add0 ;
+------------------------+-------------+-----------------------------------------------------+
; Parameter Name         ; Value       ; Type                                                ;
+------------------------+-------------+-----------------------------------------------------+
; LPM_WIDTH              ; 16          ; Untyped                                             ;
; LPM_REPRESENTATION     ; UNSIGNED    ; Untyped                                             ;
; LPM_DIRECTION          ; DEFAULT     ; Untyped                                             ;
; ONE_INPUT_IS_CONSTANT  ; NO          ; Untyped                                             ;
; LPM_PIPELINE           ; 0           ; Untyped                                             ;
; MAXIMIZE_SPEED         ; 5           ; Untyped                                             ;
; REGISTERED_AT_END      ; 0           ; Untyped                                             ;
; OPTIMIZE_FOR_SPEED     ; 5           ; Untyped                                             ;
; USE_CS_BUFFERS         ; 1           ; Untyped                                             ;
; CARRY_CHAIN            ; MANUAL      ; Untyped                                             ;
; CARRY_CHAIN_LENGTH     ; 48          ; CARRY_CHAIN_LENGTH                                  ;
; DEVICE_FAMILY          ; Cyclone III ; Untyped                                             ;
; USE_WYS                ; OFF         ; Untyped                                             ;
; STYLE                  ; FAST        ; Untyped                                             ;
; CBXI_PARAMETER         ; add_sub_iui ; Untyped                                             ;
; AUTO_CARRY_CHAINS      ; ON          ; AUTO_CARRY                                          ;
; IGNORE_CARRY_BUFFERS   ; OFF         ; IGNORE_CARRY                                        ;
; AUTO_CASCADE_CHAINS    ; ON          ; AUTO_CASCADE                                        ;
; IGNORE_CASCADE_BUFFERS ; OFF         ; IGNORE_CASCADE                                      ;
+------------------------+-------------+-----------------------------------------------------+
Note: In order to hide this table in the UI and the text report file, please set the "Show Parameter Settings in Synthesis Report" option in "Analysis and Synthesis Settings -> More Settings" to "Off".


+----------------------------------------------------------------+
; Port Connectivity Checks: "CAMINHO_CONTROLE:CC|REGISTRADOR:IR" ;
+------+-------+----------+--------------------------------------+
; Port ; Type  ; Severity ; Details                              ;
+------+-------+----------+--------------------------------------+
; i_wr ; Input ; Info     ; Stuck at VCC                         ;
+------+-------+----------+--------------------------------------+


+-------------------------------+
; Elapsed Time Per Partition    ;
+----------------+--------------+
; Partition Name ; Elapsed Time ;
+----------------+--------------+
; Top            ; 00:00:04     ;
+----------------+--------------+


+-------------------------------+
; Analysis & Synthesis Messages ;
+-------------------------------+
Info: *******************************************************************
Info: Running Quartus II 64-Bit Analysis & Synthesis
    Info: Version 13.1.0 Build 162 10/23/2013 SJ Web Edition
    Info: Processing started: Thu Apr 27 18:41:23 2017
Info: Command: quartus_map --read_settings_files=on --write_settings_files=off Processador_2017 -c Processador_2017
Info (11104): Parallel Compilation has detected 4 hyper-threaded processors. However, the extra hyper-threaded processors will not be used by default. Parallel Compilation will use 2 of the 2 physical processors detected instead.
Info (12021): Found 2 design units, including 1 entities, in source file /users/luize/desktop/processador_2107/ula.vhd
    Info (12022): Found design unit 1: ULA-Behavioral
    Info (12023): Found entity 1: ULA
Info (12021): Found 2 design units, including 1 entities, in source file /users/luize/desktop/processador_2107/tb_processador.vhd
    Info (12022): Found design unit 1: TB_PROCESSADOR-behavior
    Info (12023): Found entity 1: TB_PROCESSADOR
Info (12021): Found 2 design units, including 1 entities, in source file /users/luize/desktop/processador_2107/registrador.vhd
    Info (12022): Found design unit 1: REGISTRADOR-Behavioral
    Info (12023): Found entity 1: REGISTRADOR
Info (12021): Found 2 design units, including 1 entities, in source file /users/luize/desktop/processador_2107/processador.vhd
    Info (12022): Found design unit 1: PROCESSADOR-Behavioral
    Info (12023): Found entity 1: PROCESSADOR
Info (12021): Found 2 design units, including 1 entities, in source file /users/luize/desktop/processador_2107/caminho_dados.vhd
    Info (12022): Found design unit 1: CAMINHO_DADOS-Behavioral
    Info (12023): Found entity 1: CAMINHO_DADOS
Info (12021): Found 2 design units, including 1 entities, in source file /users/luize/desktop/processador_2107/caminho_controle.vhd
    Info (12022): Found design unit 1: CAMINHO_CONTROLE-Behavioral
    Info (12023): Found entity 1: CAMINHO_CONTROLE
Info (12021): Found 2 design units, including 1 entities, in source file /users/luize/desktop/processador_2107/banco_registrador.vhd
    Info (12022): Found design unit 1: BANCO_REGISTRADOR-Behavioral
    Info (12023): Found entity 1: BANCO_REGISTRADOR
Info (12127): Elaborating entity "processador" for the top level hierarchy
Info (12128): Elaborating entity "CAMINHO_CONTROLE" for hierarchy "CAMINHO_CONTROLE:CC"
Info (12128): Elaborating entity "REGISTRADOR" for hierarchy "CAMINHO_CONTROLE:CC|REGISTRADOR:PC"
Info (12128): Elaborating entity "REGISTRADOR" for hierarchy "CAMINHO_CONTROLE:CC|REGISTRADOR:IR"
Info (12128): Elaborating entity "CAMINHO_DADOS" for hierarchy "CAMINHO_DADOS:CD"
Info (12128): Elaborating entity "BANCO_REGISTRADOR" for hierarchy "CAMINHO_DADOS:CD|BANCO_REGISTRADOR:U01"
Info (12128): Elaborating entity "ULA" for hierarchy "CAMINHO_DADOS:CD|ULA:U02"
Info (278001): Inferred 1 megafunctions from design logic
    Info (278002): Inferred adder/subtractor megafunction ("lpm_add_sub") from the following logic: "CAMINHO_DADOS:CD|ULA:U02|Add0"
Info (12130): Elaborated megafunction instantiation "CAMINHO_DADOS:CD|ULA:U02|lpm_add_sub:Add0"
Info (12133): Instantiated megafunction "CAMINHO_DADOS:CD|ULA:U02|lpm_add_sub:Add0" with the following parameter:
    Info (12134): Parameter "LPM_WIDTH" = "16"
    Info (12134): Parameter "LPM_DIRECTION" = "DEFAULT"
    Info (12134): Parameter "LPM_REPRESENTATION" = "UNSIGNED"
    Info (12134): Parameter "ONE_INPUT_IS_CONSTANT" = "NO"
Info (12021): Found 1 design units, including 1 entities, in source file db/add_sub_iui.tdf
    Info (12023): Found entity 1: add_sub_iui
Info (286030): Timing-Driven Synthesis is running
Info (16010): Generating hard_block partition "hard_block:auto_generated_inst"
    Info (16011): Adding 0 node(s), including 0 DDIO, 0 PLL, 0 transceiver and 0 LCELL
Info (21057): Implemented 274 device resources after synthesis - the final resource count might be different
    Info (21058): Implemented 18 input pins
    Info (21059): Implemented 28 output pins
    Info (21061): Implemented 228 logic cells
Info: Quartus II 64-Bit Analysis & Synthesis was successful. 0 errors, 0 warnings
    Info: Peak virtual memory: 562 megabytes
    Info: Processing ended: Thu Apr 27 18:41:35 2017
    Info: Elapsed time: 00:00:12
    Info: Total CPU time (on all processors): 00:00:04


